1***********************************************************************************************************************************



************************************************************************************************************************************



************************************************************************************************************************************



************************************************************************************************************************************







                                                SSSS   UU  UU  TTTTTT  RRRRR     AA  
                                               SS   S  UU  UU  T TT T  RR  RR   AAAA 
                                               SSSS    UU  UU    TT    RRRRR   AA  AA
                                                   SS  UU  UU    TT    RR R    AAAAAA
                                               SS  SS  UU  UU    TT    RR RR   AA  AA
                                                SSSS    UUUU     TT    RR  RR  AA  AA







                                     U N I T E D    S T A T E S   G E O L O G I C A L   S U R V E Y



                                             SUBSURFACE FLOW AND TRANSPORT SIMULATION MODEL


                                                          -SUTRA VERSION 2.2-


                                    *  SATURATED-UNSATURATED FLOW AND SOLUTE OR ENERGY TRANSPORT  *







************************************************************************************************************************************



************************************************************************************************************************************



************************************************************************************************************************************



************************************************************************************************************************************
1

************************************************************************************************************************************


                    * * * * *   S U T R A   S O L U T E   T R A N S P O R T   S I M U L A T I O N   * * * * *


************************************************************************************************************************************





 -----------------------------------------------------------------------------------------------------------------------------------

                          Henry Problem from SUTRA Documentation                                          

                          variable-density benchmark problem                                              

 -----------------------------------------------------------------------------------------------------------------------------------





           F I L E   U N I T   A S S I G N M E N T S

             INPUT UNITS:
              INP FILE (MAIN INPUT)               50    ASSIGNED TO Henry2D_initial-p.inp                                                           
              ICS FILE (INITIAL CONDITIONS)       55    ASSIGNED TO Henry2D_initial-p.ics                                                           

             OUTPUT UNITS:
              SMY FILE (RUN SUMMARY)              80    ASSIGNED TO Henry2D_initial-p.smy                                                           
              LST FILE (GENERAL OUTPUT)           60    ASSIGNED TO Henry2D_initial-p.lst                                                           
              RST FILE (RESTART DATA)             66    ASSIGNED TO Henry2D_initial-p.rst                                                           
              NOD FILE (NODEWISE OUTPUT)          30    ASSIGNED TO Henry2D_initial-p.nod                                                           
              ELE FILE (VELOCITY OUTPUT)          40    ASSIGNED TO Henry2D_initial-p.ele                                                           
              OBS FILE (OBSERVATION OUTPUT) (     70)   ASSIGNED TO Henry2D_initial-p.obs (BASE FILENAME)

              NAMES FOR OBS AND OBC FILES WILL BE GENERATED AUTOMATICALLY FROM THE BASE NAMES LISTED ABOVE AND SCHEDULE NAMES
              LISTED LATER IN THIS FILE.  UNIT NUMBERS ASSIGNED TO THESE FILES WILL BE THE FIRST AVAILABLE NUMBERS GREATER THAN
              OR EQUAL TO THE VALUES LISTED ABOVE IN PARENTHESES.




           S I M U L A T I O N   M O D E   O P T I O N S

           - ASSUME SATURATED FLOW ONLY
           - ASSUME STEADY-STATE FLOW FIELD CONSISTENT WITH INITIAL CONCENTRATION CONDITIONS
           - ASSUME STEADY-STATE TRANSPORT
           - COLD START - BEGIN NEW SIMULATION
           - STORE RESULTS AFTER EVERY     9999 TIME STEPS IN RESTART FILE AS BACKUP AND FOR USE IN A SIMULATION RESTART




           S I M U L A T I O N   C O N T R O L   N U M B E R S

              231     NUMBER OF NODES IN FINITE-ELEMENT MESH
              200     NUMBER OF ELEMENTS IN MESH

               11     EXACT NUMBER OF NODES IN MESH AT WHICH PRESSURE IS A SPECIFIED CONSTANT OR FUNCTION OF TIME
                0     EXACT NUMBER OF NODES IN MESH AT WHICH SOLUTE CONCENTRATION IS A SPECIFIED CONSTANT OR FUNCTION OF TIME

               11     EXACT NUMBER OF NODES AT WHICH FLUID INFLOW OR OUTFLOW IS A SPECIFIED CONSTANT OR FUNCTION OF TIME
                0     EXACT NUMBER OF NODES AT WHICH A SOURCE OR SINK OF SOLUTE MASS IS A SPECIFIED CONSTANT OR FUNCTION OF TIME

                0     EXACT NUMBER OF NODES AT WHICH PRESSURE AND CONCENTRATION WILL BE OBSERVED




           N U M E R I C A L   C O N T R O L   D A T A

                   0.00000     "UPSTREAM WEIGHTING" FACTOR
                1.0000E-01     SPECIFIED PRESSURE BOUNDARY CONDITION FACTOR
                1.0000E+00     SPECIFIED CONCENTRATION BOUNDARY CONDITION FACTOR
1



           T E M P O R A L   C O N T R O L   A N D   S O L U T I O N   C Y C L I N G   D A T A

             NOTE: BECAUSE FLOW AND TRANSPORT ARE STEADY-STATE, USER-DEFINED SCHEDULES ARE NOT IN EFFECT.  
             STEADY-STATE RESULTS WILL BE WRITTEN TO THE APPROPRIATE OUTPUT FILES.

             THE FOLLOWING 4 SCHEDULES CAN BE USED TO CONTROL SPECIFICATION OF STEADY-STATE BOUNDARY
             CONDITIONS IN (OPTIONAL) .BCS FILES:

                SCHEDULE TIME_STEPS   CONSISTS OF TIME STEPS 0 (STEADY FLOW) AND 1 (STEADY TRANSPORT);
                                         THIS SCHEDULE IS DEFINED AUTOMATICALLY BY SUTRA

                SCHEDULE STEPS_1&UP   IDENTICAL TO SCHEDULE "TIME_STEPS", EXCEPT THAT IT OMITS TIME STEP 0;
                                         THIS SCHEDULE IS DEFINED AUTOMATICALLY BY SUTRA

                SCHEDULE STEP_0       CONSISTS ONLY OF TIME STEP 0;
                                         THIS SCHEDULE IS DEFINED AUTOMATICALLY BY SUTRA

                SCHEDULE STEP_1       CONSISTS ONLY OF TIME STEP 1;
                                         THIS SCHEDULE IS DEFINED AUTOMATICALLY BY SUTRA

             SOLUTION CYCLING DATA:

                         1     FLOW SOLUTION CYCLE (IN TIME STEPS)
                         1     TRANSPORT SOLUTION CYCLE (IN TIME STEPS)

                FLOW AND TRANSPORT SOLUTIONS ARE ALSO COMPUTED AUTOMATICALLY ON TIME STEPS ON WHICH FLOW-RELATED 
                AND TRANSPORT-RELATED BOUNDARY CONDITIONS, RESPECTIVELY, ARE SET IN (OPTIONAL) BCS FILES.




           I T E R A T I O N   C O N T R O L   D A T A

             NON-ITERATIVE SOLUTION




           S O L V E R - R E L A T E D   P A R A M E T E R S

             SOLVER FOR P AND U: BANDED GAUSSIAN ELIMINATION (DIRECT)    




           O U T P U T   C O N T R O L S   A N D   O P T I O N S

             .LST FILE
             ---------

                   50   PRINTED OUTPUT CYCLE (IN TIME STEPS)

             - CANCEL PRINT OF NODE COORDINATES, THICKNESSES AND POROSITIES
             - CANCEL PRINT OF ELEMENT PERMEABILITIES AND DISPERSIVITIES
             - CANCEL PRINT OF NODE INCIDENCES IN EACH ELEMENT

             - PRINT PRESSURES AND SATURATIONS AT NODES ON EACH TIME STEP WITH OUTPUT
             - CALCULATE AND PRINT VELOCITIES AT ELEMENT CENTROIDS ON EACH TIME STEP WITH OUTPUT
             - PRINT CONCENTRATIONS AT NODES ON EACH TIME STEP WITH OUTPUT

             - CALCULATE AND PRINT FLUID AND SOLUTE BUDGETS ON EACH TIME STEP WITH OUTPUT


             .NOD FILE
             ---------

                   50   PRINTED OUTPUT CYCLE (IN TIME STEPS)

             COLUMN 1:  X-COORDINATE             
             COLUMN 2:  Y-COORDINATE             
             COLUMN 3:  PRESSURE                 
             COLUMN 4:  CONCENTRATION/TEMPERATURE
             COLUMN 5:  SATURATION               


             .ELE FILE
             ---------

                   50   PRINTED OUTPUT CYCLE (IN TIME STEPS)

             COLUMN 1:  X-COORDINATE OF CENTROID 
             COLUMN 2:  Y-COORDINATE OF CENTROID 
             COLUMN 3:  X-VELOCITY               
             COLUMN 4:  Y-VELOCITY               


             .BCOF, .BCOS, .BCOP, AND .BCOU FILES
             ------------------------------------

                 9999   PRINTED OUTPUT CYCLE FOR FLUID SOURCES/SINK NODES TO .BCOF FILE (IN TIME STEPS)
                 9999   PRINTED OUTPUT CYCLE FOR SOLUTE SOURCES/SINK NODES TO .BCOS FILE (IN TIME STEPS)
                 9999   PRINTED OUTPUT CYCLE FOR SPECIFIED PRESSURE NODES TO .BCOP FILE (IN TIME STEPS)
                 9999   PRINTED OUTPUT CYCLE FOR SPECIFIED CONCENTRATION NODES TO .BCOU FILE (IN TIME STEPS)

             - PRINT INACTIVE BOUNDARY CONDITIONS
1



           C O N S T A N T   P R O P E R T I E S   O F   F L U I D   A N D   S O L I D   M A T R I X

                0.0000E+00     COMPRESSIBILITY OF FLUID
                0.0000E+00     COMPRESSIBILITY OF POROUS MATRIX

                1.0000E-03     FLUID VISCOSITY

                2.6000E+03     DENSITY OF A SOLID GRAIN

             FLUID DENSITY, RHOW
             CALCULATED BY SUTRA IN TERMS OF SOLUTE CONCENTRATION, U, AS:
             RHOW = RHOW0 + DRWDU*(U-URHOW0)

                1.0000E+03     FLUID BASE DENSITY, RHOW0
                7.0000E+02     COEFFICIENT OF DENSITY CHANGE WITH SOLUTE CONCENTRATION, DRWDU
                0.0000E+00     SOLUTE CONCENTRATION, URHOW0, AT WHICH FLUID DENSITY IS AT BASE VALUE, RHOW0

                1.8857E-05     MOLECULAR DIFFUSIVITY OF SOLUTE IN FLUID




           A D S O R P T I O N   P A R A M E T E R S

                NON-SORBING SOLUTE




           P R O D U C T I O N   A N D   D E C A Y   O F   S P E C I E S   M A S S

             PRODUCTION RATE (+)
             DECAY RATE (-)

                0.0000E+00     ZERO-ORDER RATE OF SOLUTE MASS PRODUCTION/DECAY IN FLUID
                0.0000E+00     ZERO-ORDER RATE OF ADSORBATE MASS PRODUCTION/DECAY IN IMMOBILE PHASE
                0.0000E+00     FIRST-ORDER RATE OF SOLUTE MASS PRODUCTION/DECAY IN FLUID
                0.0000E+00     FIRST-ORDER RATE OF ADSORBATE MASS PRODUCTION/DECAY IN IMMOBILE PHASE




           C O O R D I N A T E   O R I E N T A T I O N   T O   G R A V I T Y

             COMPONENT OF GRAVITY VECTOR
             IN +X DIRECTION, GRAVX
                0.0000E+00     GRAVX = -GRAV * D(ELEVATION)/DX

             COMPONENT OF GRAVITY VECTOR
             IN +Y DIRECTION, GRAVY
               -9.8000E+00     GRAVY = -GRAV * D(ELEVATION)/DY
1



           N O D E   I N F O R M A T I O N

                PRINTOUT OF NODE COORDINATES, THICKNESSES AND POROSITIES CANCELLED.

                SCALE FACTORS :
                                      1.0000E+00     X-SCALE
                                      1.0000E+00     Y-SCALE
                                      1.0000E+00     THICKNESS FACTOR
                                      1.0000E+00     POROSITY FACTOR




           E L E M E N T   I N F O R M A T I O N

                PRINTOUT OF ELEMENT PERMEABILITIES AND DISPERSIVITIES CANCELLED.

                SCALE FACTORS :
                                      1.0000E+00     MAXIMUM PERMEABILITY FACTOR
                                      1.0000E+00     MINIMUM PERMEABILITY FACTOR
                                      1.0000E+00     ANGLE FROM +X TO MAXIMUM DIRECTION FACTOR
                                      1.0000E+00     FACTOR FOR LONGITUDINAL DISPERSIVITY IN MAX-PERM DIRECTION
                                      1.0000E+00     FACTOR FOR LONGITUDINAL DISPERSIVITY IN MIN-PERM DIRECTION
                                      1.0000E+00     FACTOR FOR TRANSVERSE DISPERSIVITY IN MAX-PERM DIRECTION
                                      1.0000E+00     FACTOR FOR TRANSVERSE DISPERSIVITY IN MIN-PERM DIRECTION
1



           F L U I D   S O U R C E   D A T A



           **** NODES AT WHICH FLUID INFLOWS OR OUTFLOWS ARE SPECIFIED ****

                             DEFAULT FLUID     DEFAULT CONCENTRATION
                      INFLOW(+)/OUTFLOW(-)        OF INFLOWING FLUID
            NODE       (FLUID MASS/SECOND)  (MASS SOLUTE/MASS WATER)


               1       3.3000000000000E-03       0.0000000000000E+00
               2       6.6000000000000E-03       0.0000000000000E+00
               3       6.6000000000000E-03       0.0000000000000E+00
               4       6.6000000000000E-03       0.0000000000000E+00
               5       6.6000000000000E-03       0.0000000000000E+00
               6       6.6000000000000E-03       0.0000000000000E+00
               7       6.6000000000000E-03       0.0000000000000E+00
               8       6.6000000000000E-03       0.0000000000000E+00
               9       6.6000000000000E-03       0.0000000000000E+00
              10       6.6000000000000E-03       0.0000000000000E+00
              11       3.3000000000000E-03       0.0000000000000E+00

           SPECIFICATIONS MADE IN (OPTIONAL) BCS INPUT FILES TAKE PRECEDENCE OVER THE
           DEFAULT VALUES LISTED ABOVE AND ANY VALUES SET IN SUBROUTINE BCTIME.
1



           S P E C I F I E D   P R E S S U R E   D A T A



           **** NODES AT WHICH PRESSURES ARE SPECIFIED ****

                (AS WELL AS SOLUTE CONCENTRATION OF ANY
                 FLUID INFLOW WHICH MAY OCCUR AT THE POINT
                 OF SPECIFIED PRESSURE)

            NODE          DEFAULT PRESSURE     DEFAULT CONCENTRATION


             221       0.0000000000000E+00       3.5700000000000E-02
             222       1.0044902000000E+03       3.5700000000000E-02
             223       2.0089804000000E+03       3.5700000000000E-02
             224       3.0134706000000E+03       3.5700000000000E-02
             225       4.0179608000000E+03       3.5700000000000E-02
             226       5.0224510000000E+03       3.5700000000000E-02
             227       6.0269412000000E+03       3.5700000000000E-02
             228       7.0314314000000E+03       3.5700000000000E-02
             229       8.0359216000000E+03       3.5700000000000E-02
             230       9.0404118000000E+03       3.5700000000000E-02
             231       1.0044902000000E+04       3.5700000000000E-02

           SPECIFICATIONS MADE IN (OPTIONAL) BCS INPUT FILES TAKE PRECEDENCE OVER THE
           DEFAULT VALUES LISTED ABOVE AND ANY VALUES SET IN SUBROUTINE BCTIME.
1



           M E S H   C O N N E C T I O N   D A T A

                PRINTOUT OF NODAL INCIDENCES CANCELLED.




           **** MESH ANALYSIS ****




             MAXIMUM FULL BANDWIDTH,        25, WAS CALCULATED IN ELEMENT         1




           S I M U L A T I O N   D I M E N S I O N S

             REAL        ARRAYS WERE ALLOCATED        21664
             INTEGER     ARRAYS WERE ALLOCATED         1321
             INTEGER(1)  ARRAYS WERE ALLOCATED            4
             CHARACTER   ARRAYS WERE ALLOCATED          357 (SUM OF ARRAY_DIMENSION*CHARACTER_LENGTH)
             LOGICAL     ARRAYS WERE ALLOCATED            1
             ARRAYS OF POINTERS WERE ALLOCATED            8

                  0.179 Mbytes MEMORY USED FOR MAIN ARRAYS
             - assuming 1 byte/character
             - assuming 4-byte logical variables
             - pointer storage not included








------------------------------------------------------------------------------------------------------------------------------------
------------------------------------------------------------------------------------------------------------------------------------
------------------------------------------------------------------------------------------------------------------------------------
------------------------------------------------------------------------------------------------------------------------------------
------------------------------------------------------------------------------------------------------------------------------------
------------------------------------------------------------------------------------------------------------------------------------
------------------------------------------------------------------------------------------------------------------------------------
------------------------------------------------------------------------------------------------------------------------------------

1

           RESULTS FOR TIME STEP        0
           _______ ___ ____ ____ ________

           P-SOLUTION COMPUTED USING DIRECT SOLVER



           S  T  E  A  D  Y  -  S  T  A  T  E     P  R  E  S  S  U  R  E

        NODE                      NODE                      NODE                      NODE                      NODE
           1  2.51519908E+02         2  1.23153722E+03         3  2.21158748E+03         4  3.19166575E+03         5  4.17176437E+03
           6  5.15187370E+03         7  6.13198303E+03         8  7.11208166E+03         9  8.09215993E+03        10  9.07221018E+03
          11  1.00522275E+04        12  2.45034007E+02        13  1.22505220E+03        14  2.20510499E+03        15  3.18518722E+03
          16  4.16529084E+03        17  5.14540570E+03        18  6.12552056E+03        19  7.10562418E+03        20  8.08570641E+03
          21  9.06575920E+03        22  1.00457774E+04        23  2.38510494E+02        24  1.21853140E+03        25  2.19859208E+03
          26  3.17868660E+03        27  4.15880569E+03        28  5.13893770E+03        29  6.11906971E+03        30  7.09918881E+03
          31  8.07928332E+03        32  9.05934400E+03        33  1.00393649E+04        34  2.31943753E+02        35  1.21196950E+03
          36  2.19204420E+03        37  3.17216056E+03        38  4.15230717E+03        39  5.13246970E+03        40  6.11263222E+03
          41  7.09277884E+03        42  8.07289520E+03        43  9.05296990E+03        44  1.00329956E+04        45  2.25323792E+02
          46  1.20535697E+03        47  2.18545326E+03        48  3.16560324E+03        49  4.14579221E+03        50  5.12600170E+03
          51  6.10621118E+03        52  7.08640016E+03        53  8.06655013E+03        54  9.04664642E+03        55  1.00266796E+04
          56  2.18635234E+02        57  1.19867921E+03        58  2.17880683E+03        59  3.15900560E+03        60  4.13925606E+03
          61  5.11953370E+03        62  6.09981133E+03        63  7.08006180E+03        64  8.06026057E+03        65  9.04038818E+03
          66  1.00204322E+04        67  2.11855758E+02        68  1.19191498E+03        69  2.17208684E+03        70  3.15235452E+03
          71  4.13269181E+03        72  5.11306570E+03        73  6.09343958E+03        74  7.07377687E+03        75  8.05404455E+03
          76  9.03421641E+03        77  1.00142756E+04        78  2.04953843E+02        79  1.18503431E+03        80  2.16526781E+03
          81  3.14563150E+03        82  4.12608974E+03        83  5.10659770E+03        84  6.08710565E+03        85  7.06756390E+03
          86  8.04792758E+03        87  9.02816108E+03        88  1.00082415E+04        89  1.97885567E+02        90  1.17799542E+03
          91  2.15831422E+03        92  3.13881072E+03        93  4.11943629E+03        94  5.10012970E+03        95  6.08082311E+03
          96  7.06144867E+03        97  8.04194517E+03        98  9.02226396E+03        99  1.00023738E+04       100  1.90590151E+02
         101  1.17074054E+03       102  2.15117694E+03       103  3.13185653E+03       104  4.11271271E+03       105  5.09366170E+03
         106  6.07461068E+03       107  7.05546686E+03       108  8.03614644E+03       109  9.01658284E+03       110  9.99673322E+03
         111  1.82983767E+02       112  1.16318997E+03       113  2.14378828E+03       114  3.12471984E+03       115  4.10589325E+03
         116  5.08719370E+03       117  6.06849415E+03       118  7.04966755E+03       119  8.03059910E+03       120  9.01119739E+03
         121  9.99140360E+03       122  1.74950932E+02       123  1.15523401E+03       124  2.13605517E+03       125  3.11733325E+03
         126  4.09894256E+03       127  5.08072571E+03       128  6.06250885E+03       129  7.04411815E+03       130  8.02539620E+03
         131  9.00621734E+03       132  9.98650041E+03       133  1.66332502E+02       134  1.14672161E+03       135  2.12784984E+03
         136  3.10960457E+03       137  4.09181246E+03       138  5.07425773E+03       139  6.05670298E+03       140  7.03891083E+03
         141  8.02066552E+03       142  9.00179371E+03       143  9.98218280E+03       144  1.56908650E+02       145  1.13744460E+03
         146  2.11899718E+03       147  3.10140835E+03       148  4.08443774E+03       149  5.06778976E+03       150  6.05114175E+03
         151  7.03417107E+03       152  8.01658215E+03       153  8.99813467E+03       154  9.97867059E+03       155  1.46374090E+02
         156  1.12711510E+03       157  2.10925780E+03       158  3.09257558E+03       159  4.07673163E+03       160  5.06132182E+03
         161  6.04591196E+03       162  7.03006788E+03       163  8.01338549E+03       164  8.99552806E+03       165  9.97626902E+03
         166  1.34300112E+02       167  1.11533228E+03       168  2.09830608E+03       169  3.08288324E+03       170  4.06858261E+03
         171  5.05485394E+03       172  6.04112517E+03       173  7.02682430E+03       174  8.01140114E+03       175  8.99437468E+03
         176  9.97540674E+03       177  1.20070827E+02       178  1.10153061E+03       179  2.08570364E+03       180  3.07205040E+03
         181  4.05985816E+03       182  5.04838616E+03       183  6.03691400E+03       184  7.02472130E+03       185  8.01106746E+03
         186  8.99523996E+03       187  9.97669953E+03       188  1.02764886E+02       189  1.08488792E+03       190  2.07087914E+03
         191  3.05975943E+03       192  4.05043093E+03       193  5.04191854E+03       194  6.03340592E+03       195  7.02407665E+03
         196  8.01295579E+03       197  8.99894587E+03       198  9.98106845E+03       199  8.08381159E+01       200  1.06418655E+03
         201  2.05312958E+03       202  3.04578497E+03       203  4.04023860E+03       204  5.03545115E+03       205  6.03066342E+03
         206  7.02511610E+03       207  8.01776918E+03       208  9.00670982E+03       209  9.99005681E+03       210  5.16698090E+01
         211  1.03706065E+03       212  2.03226227E+03       213  3.03021573E+03       214  4.02936410E+03       215  5.02898399E+03
         216  6.02860370E+03       217  7.02775135E+03       218  8.02570281E+03       219  9.02089504E+03       220  1.00062846E+04
         221  3.22032177E-01       222  1.00485196E+03       223  2.00922491E+03       224  3.01364379E+03       225  4.01807758E+03
         226  5.02251699E+03       227  6.02695639E+03       228  7.03139018E+03       229  8.03580901E+03       230  9.04018181E+03
         231  1.00446463E+04
1


           F L U I D   M A S S   B U D G E T      AFTER TIME STEP        0,     IN (MASS/SECOND)

                                                                                         SUM OF          SUM OF            NET
                                                                                       INCREASES(+)    DECREASES(-)       CHANGE
                                                                                      ==============  ==============  ==============
             RATE OF CHANGE IN TOTAL STORED FLUID DUE TO PRESSURE CHANGE               0.0000000E+00   0.0000000E+00   0.0000000E+00
             RATE OF CHANGE IN TOTAL STORED FLUID DUE TO CONCENTRATION CHANGE          0.0000000E+00   0.0000000E+00   0.0000000E+00
                                                                                      --------------  --------------  --------------
             TOTAL RATE OF CHANGE IN STORED FLUID [ S+, S-, S ]                        0.0000000E+00   0.0000000E+00   0.0000000E+00

                                                                                         SUM OF          SUM OF            NET
                                                                                         GAINS(+)       LOSSES(-)       GAIN/LOSS
                                                                                      ==============  ==============  ==============
             GAIN/LOSS OF FLUID THROUGH FLUID SOURCES AND SINKS                        6.6000000E-02   0.0000000E+00   6.6000000E-02
             GAIN/LOSS OF FLUID THROUGH INFLOWS/OUTFLOWS AT SPECIFIED P NODES          6.3946451E-02  -1.2994645E-01  -6.6000000E-02
                                                                                      --------------  --------------  --------------
             TOTAL RATE OF GAIN/LOSS OF FLUID THROUGH FLOWS [ F+, F-, F ]              1.2994645E-01  -1.2994645E-01  -6.7154615E-14


             FLUID MASS BALANCE ACTIVITY [ A = ((S+) - (S-) + (F+) - (F-))/2 ]                1.2994645E-01
             ABSOLUTE FLUID MASS BALANCE ERROR [ S - F ]                                      6.7154615E-14
             RELATIVE FLUID MASS BALANCE ERROR [ 100*(S - F)/A ]                              5.1678684E-11 (PERCENT)



                      FLUID SOURCES OR SINKS DUE TO SPECIFIED PRESSURES

                       NODE     INFLOW(+)/OUTFLOW(-)
                                       (MASS/SECOND)

                        221           -3.2203218E-02
                        222           -3.6176304E-02
                        223           -2.4451313E-02
                        224           -1.7319106E-02
                        225           -1.1678189E-02
                        226           -6.5989179E-03
                        227           -1.5194028E-03
                        228            4.1224960E-03
                        229            1.1258792E-02
                        230            2.2999027E-02
                        231            2.5566135E-02
1

           RESULTS FOR TIME STEP        1
           _______ ___ ____ ____ ________
  
           U-SOLUTION COMPUTED USING DIRECT SOLVER



           S  T  E  A  D  Y  -  S  T  A  T  E     C  O  N  C  E  N  T  R  A  T  I  O  N

        NODE                      NODE                      NODE                      NODE                      NODE
           1  2.40001977E-09         2  2.50278741E-09         3  2.80415477E-09         4  3.28281852E-09         5  3.90210066E-09
           6  4.60967861E-09         7  5.33953111E-09         8  6.01712808E-09         9  6.56787165E-09        10  6.92755176E-09
          11  7.05259265E-09        12  6.78959490E-09        13  7.10897956E-09        14  8.04819582E-09        15  9.54775422E-09
          16  1.15014305E-08        17  1.37514489E-08        18  1.60910842E-08        19  1.82793821E-08        20  2.00689521E-08
          21  2.12427954E-08        22  2.16518002E-08        23  1.84692237E-08        24  1.94715706E-08        25  2.24322822E-08
          26  2.71984703E-08        27  3.34762977E-08        28  4.07959166E-08        29  4.85017772E-08        30  5.57908476E-08
          31  6.18070985E-08        32  6.57792113E-08        33  6.71678979E-08        34  4.90816170E-08        35  5.22017165E-08
          36  6.14663783E-08        37  7.65258642E-08        38  9.66151871E-08        39  1.20370955E-07        40  1.45732119E-07
          41  1.70024896E-07        42  1.90281081E-07        43  2.03750727E-07        44  2.08477168E-07        45  1.27831734E-07
          46  1.37395275E-07        47  1.65964743E-07        48  2.12918351E-07        49  2.76454544E-07        50  3.52768301E-07
          51  4.35489998E-07        52  5.15805795E-07        53  5.83506941E-07        54  6.28867026E-07        55  6.44845313E-07
          56  3.25984000E-07        57  3.54731706E-07        58  4.41207177E-07        59  5.85116853E-07        60  7.82981492E-07
          61  1.02474989E-06        62  1.29117322E-06        63  1.55360595E-06        64  1.77736745E-06        65  1.92847782E-06
          66  1.98192174E-06        67  8.11959833E-07        68  8.96418201E-07        69  1.15249129E-06        70  1.58468538E-06
          71  2.18949970E-06        72  2.94240026E-06        73  3.78676896E-06        74  4.63115857E-06        75  5.35970130E-06
          76  5.85570116E-06        77  6.03184497E-06        78  1.96940212E-06        79  2.21108150E-06        80  2.95039301E-06
          81  4.21784328E-06        82  6.02581527E-06        83  8.32127285E-06        84  1.09427762E-05        85  1.36048346E-05
          86  1.59289680E-05        87  1.75239431E-05        88  1.80926424E-05        89  4.63616684E-06        90  5.30730704E-06
          91  7.38068736E-06        92  1.09958626E-05        93  1.62576928E-05        94  2.30737284E-05        95  3.09985868E-05
          96  3.91650807E-05        97  4.63740772E-05        98  5.13577130E-05        99  5.31411356E-05       100  1.05566237E-05
         101  1.23586292E-05       102  1.79846561E-05       103  2.79690851E-05       104  4.27975524E-05       105  6.23781484E-05
         106  8.55178967E-05       107  1.09667952E-04       108  1.31181679E-04       109  1.46140940E-04       110  1.51509269E-04
         111  2.31721330E-05       112  2.78326064E-05       113  4.25429328E-05       114  6.91083050E-05       115  1.09308422E-04
         116  1.63270864E-04       117  2.27852492E-04       118  2.95846459E-04       119  3.56751924E-04       120  3.99231618E-04
         121  4.14496339E-04       122  4.88737574E-05       123  6.04460336E-05       124  9.73535532E-05       125  1.65065854E-04
         126  2.69087494E-04       127  4.10262697E-04       128  5.80256806E-04       129  7.59606215E-04       130  9.20186651E-04
         131  1.03203169E-03       132  1.07218032E-03       133  9.87723800E-05       134  1.26260453E-04       135  2.14762177E-04
         136  3.79062419E-04       137  6.33571328E-04       138  9.79623238E-04       139  1.39455742E-03       140  1.82875250E-03
         141  2.21385997E-03       142  2.47994687E-03       143  2.57502797E-03       144  1.90760108E-04       145  2.53176948E-04
         146  4.55142941E-04       147  8.31997509E-04       148  1.41412041E-03       149  2.19600177E-03       150  3.11533635E-03
         151  4.05542089E-03       152  4.87096691E-03       153  5.42481490E-03       154  5.62086748E-03       155  3.51823051E-04
         156  4.86458891E-04       157  9.23785335E-04       158  1.73416475E-03       159  2.96138936E-03       160  4.55655317E-03
         161  6.35625807E-03       162  8.11839422E-03       163  9.58836221E-03       164  1.05576616E-02       165  1.08953888E-02
         166  6.17409875E-04       167  8.97116727E-04       168  1.79065792E-03       169  3.40817097E-03       170  5.75075233E-03
         171  8.61238553E-03       172  1.16204260E-02       173  1.43661765E-02       174  1.65209294E-02       175  1.78787198E-02
         176  1.83405503E-02       177  1.03380635E-03       178  1.57448914E-03       179  3.30308728E-03       180  6.26885481E-03
         181  1.02211262E-02       182  1.45804590E-02       183  1.86891220E-02       184  2.20698070E-02       185  2.44946976E-02
         186  2.59233047E-02       187  2.63911955E-02       188  1.67832525E-03       189  2.75084295E-03       190  5.84879009E-03
         191  1.07042351E-02       192  1.64001665E-02       193  2.17815466E-02       194  2.61202282E-02       195  2.92022992E-02
         196  3.11426773E-02       197  3.21688689E-02       198  3.24861889E-02       199  2.48492762E-03       200  4.24917859E-03
         201  9.58951675E-03       202  1.67637911E-02       203  2.34451631E-02       204  2.85172640E-02       205  3.18229649E-02
         206  3.37269054E-02       207  3.47026703E-02       208  3.51277194E-02       209  3.52370004E-02       210  3.78609948E-03
         211  7.83769990E-03       212  1.62948813E-02       213  2.41012301E-02       214  2.97265893E-02       215  3.30587730E-02
         216  3.47285169E-02       217  3.54271424E-02       218  3.56633908E-02       219  3.57201010E-02       220  3.57185087E-02
         221  6.05548437E-03       222  1.16447432E-02       223  2.11768659E-02       224  2.81242406E-02       225  3.24831061E-02
         226  3.46245278E-02       227  3.54753072E-02       228  3.57014214E-02       229  3.57076157E-02       230  3.56965753E-02
         231  3.56955443E-02



           S  T  E  A  D  Y  -  S  T  A  T  E     F  L  U  I  D     V  E  L  O  C  I  T  Y

           M A G N I T U D E   AT CENTROID OF ELEMENT

     ELEMENT                   ELEMENT                   ELEMENT                   ELEMENT                   ELEMENT
           1  1.89081232E-04         2  1.89036658E-04         3  1.88950386E-04         4  1.88828449E-04         5  1.88680365E-04
           6  1.88519125E-04         7  1.88360497E-04         8  1.88221499E-04         9  1.88118165E-04        10  1.88063046E-04
          11  1.90151084E-04        12  1.90002885E-04        13  1.89719217E-04        14  1.89324957E-04        15  1.88855775E-04
          16  1.88355754E-04        17  1.87873788E-04        18  1.87458841E-04        19  1.87154484E-04        20  1.86993498E-04
          21  1.91380902E-04        22  1.91114987E-04        23  1.90606703E-04        24  1.89901742E-04        25  1.89064968E-04
          26  1.88175635E-04        27  1.87320667E-04        28  1.86586263E-04        29  1.86048529E-04        30  1.85764411E-04
          31  1.92895240E-04        32  1.92486400E-04        33  1.91704861E-04        34  1.90620748E-04        35  1.89333615E-04
          36  1.87965156E-04        37  1.86649012E-04        38  1.85517941E-04        39  1.84689422E-04        40  1.84251536E-04
          41  1.94847551E-04        42  1.94257666E-04        43  1.93129171E-04        44  1.91561823E-04        45  1.89697872E-04
          46  1.87712281E-04        47  1.85798624E-04        48  1.84150792E-04        49  1.82941740E-04        50  1.82302031E-04
          51  1.97435799E-04        52  1.96611316E-04        53  1.95031910E-04        54  1.92833551E-04        55  1.90211669E-04
          56  1.87409227E-04        57  1.84698555E-04        58  1.82356324E-04        59  1.80632790E-04        60  1.79719103E-04
          61  2.00922658E-04        62  1.99791510E-04        63  1.97620508E-04        64  1.94589298E-04        65  1.90958980E-04
          66  1.87059221E-04        67  1.83266676E-04        68  1.79972257E-04        69  1.77537145E-04        70  1.76242315E-04
          71  2.05662403E-04        72  2.04130755E-04        73  2.01183671E-04        74  1.97051722E-04        75  1.92074844E-04
          76  1.86691177E-04        77  1.81414731E-04        78  1.76795538E-04        79  1.73358031E-04        80  1.71521674E-04
          81  2.12137357E-04        82  2.10086886E-04        83  2.06129131E-04        84  2.00550778E-04        85  1.93781581E-04
          86  1.86389844E-04        87  1.79066080E-04        88  1.72581557E-04        89  1.67706387E-04        90  1.65083149E-04
          91  2.21007911E-04        92  2.18294652E-04        93  2.13038366E-04        94  2.05582554E-04        95  1.96450692E-04
          96  1.86355408E-04        97  1.76201787E-04        98  1.67062115E-04        99  1.60082219E-04       100  1.56282808E-04
         101  2.33181936E-04       102  2.29637820E-04       103  2.22744995E-04       104  2.12898414E-04       105  2.00705891E-04
         106  1.87017164E-04       107  1.72968124E-04       108  1.60014412E-04       109  1.49874674E-04       110  1.44246942E-04
         111  2.49912675E-04       112  2.45349830E-04       113  2.36444051E-04       114  2.23633607E-04       115  2.07585227E-04
         116  1.89238845E-04       117  1.69911552E-04       118  1.51464109E-04       119  1.36436721E-04       120  1.27799438E-04
         121  2.72940638E-04       122  2.67154587E-04       123  2.55837713E-04       124  2.39476981E-04       125  2.18769926E-04
         126  1.94653965E-04       127  1.68453017E-04       128  1.42231825E-04       129  1.19436589E-04       130  1.05403362E-04
         131  3.04709852E-04       132  2.97467135E-04       133  2.83318884E-04       134  2.62861931E-04       135  2.36844459E-04
         136  2.06109457E-04       137  1.71697699E-04       138  1.35267030E-04       139  1.00288489E-04       140  7.53409610E-05
         141  3.48725901E-04       142  3.39696306E-04       143  3.22189454E-04       144  2.97119918E-04       145  2.65460687E-04
         146  2.28001133E-04       147  1.85314096E-04       148  1.38025668E-04       149  8.74876654E-05       150  3.91325287E-05
         151  4.10225980E-04       152  3.98749798E-04       153  3.76912848E-04       154  3.46476097E-04       155  3.09169914E-04
         156  2.66030984E-04       157  2.17339344E-04       158  1.63141138E-04       159  1.04457360E-04       160  4.80508085E-05
         161  4.97626280E-04       162  4.82041505E-04       163  4.53329780E-04       164  4.15685307E-04       165  3.72582556E-04
         166  3.25997574E-04       167  2.76077680E-04       168  2.22682393E-04       169  1.69104734E-04       170  1.28771635E-04
         171  6.26499124E-04       172  6.01301821E-04       173  5.58938195E-04       174  5.08181122E-04       175  4.58765673E-04
         176  4.11712207E-04       177  3.67070859E-04       178  3.25269663E-04       179  2.84579836E-04       180  2.56889022E-04
         181  8.30444700E-04       182  7.83154479E-04       183  6.93688203E-04       184  6.23314846E-04       185  5.67209284E-04
         186  5.22747532E-04       187  4.89872493E-04       188  4.71983355E-04       189  4.77199638E-04       190  4.61267312E-04
         191  1.29376225E-03       192  9.90639302E-04       193  8.45519963E-04       194  7.54011864E-04       195  6.92444173E-04
         196  6.53062271E-04       197  6.35960720E-04       198  6.49329346E-04       199  7.18488467E-04       200  9.46356947E-04



           S  T  E  A  D  Y  -  S  T  A  T  E     F  L  U  I  D     V  E  L  O  C  I  T  Y

           A N G L E   IN DEGREES FROM +X-AXIS TO FLOW DIRECTION AT CENTROID OF ELEMENT

     ELEMENT                   ELEMENT                   ELEMENT                   ELEMENT                   ELEMENT
           1  1.56847213E-01         2  4.55299772E-01         3  7.09480152E-01         4  8.94587507E-01         5  9.92445145E-01
           6  9.93293958E-01         7  8.96809858E-01         8  7.12227387E-01         9  4.57522541E-01        10  1.57696285E-01
          11  1.71746817E-01        12  4.98822742E-01        13  7.78109746E-01        14  9.82534374E-01        15  1.09186547E+00
          16  1.09476420E+00        17  9.90123968E-01        18  7.87492247E-01        19  5.06414354E-01        20  1.74646793E-01
          21  2.03591417E-01        22  5.91676020E-01        23  9.24036461E-01        24  1.16870446E+00        25  1.30127267E+00
          26  1.30742337E+00        27  1.18480947E+00        28  9.43947870E-01        29  6.07788346E-01        30  2.09746642E-01
          31  2.55123218E-01        32  7.41985554E-01        33  1.16042345E+00        34  1.47059007E+00        35  1.64128392E+00
          36  1.65323588E+00        37  1.50188872E+00        38  1.19912677E+00        39  7.73310203E-01        40  2.67091243E-01
          41  3.30724587E-01        42  9.62749887E-01        43  1.50837127E+00        44  1.91633014E+00        45  2.14523121E+00
          46  2.16793291E+00        47  1.97579245E+00        48  1.58192776E+00        49  1.02230458E+00        50  3.53483390E-01
          51  4.36556771E-01        52  1.27232931E+00        53  1.99795535E+00        54  2.54655170E+00        55  2.86200257E+00
          56  2.90483432E+00        57  2.65878765E+00        58  2.13688918E+00        59  1.38489364E+00        60  4.79591476E-01
          61  5.80665452E-01        62  1.69488066E+00        63  2.66932586E+00        64  3.41661605E+00        65  3.85989941E+00
          66  3.94049167E+00        67  3.62796669E+00        68  2.93128855E+00        69  1.90739879E+00        70  6.61979275E-01
          71  7.72930454E-01        72  2.26038530E+00        73  3.57335209E+00        74  4.59874523E+00        75  5.23126492E+00
          76  5.38255239E+00        77  4.99608119E+00        78  4.06703458E+00        79  2.66187281E+00        80  9.26783944E-01
          81  1.02467970E+00        82  3.00372090E+00        83  4.77090374E+00        84  6.18290896E+00        85  7.09699062E+00
          86  7.37996168E+00        87  6.92814860E+00        88  5.70107752E+00        89  3.76372445E+00        90  1.31677812E+00
          91  1.34774746E+00        92  3.96204210E+00        93  6.32935187E+00        94  8.27432436E+00        95  9.60850541E+00
          96  1.01343441E+01        97  9.66622199E+00        98  8.08148908E+00        99  5.40643830E+00       100  1.90606704E+00
         101  1.75280434E+00       102  5.16975739E+00       103  8.31448820E+00       104  1.09839958E+01       105  1.29418274E+01
         106  1.39074157E+01       107  1.35632110E+01       108  1.16125999E+01       109  7.93553844E+00       110  2.83413994E+00
         111  2.24704101E+00       112  6.65101053E+00       113  1.07764977E+01       114  1.44076614E+01       115  1.72734335E+01
         116  1.90090554E+01       117  1.91162284E+01       118  1.69703772E+01       119  1.20211187E+01       120  4.39715409E+00
         121  2.83187729E+00       122  8.41131005E+00       123  1.37311646E+01       124  1.85903338E+01       125  2.27238436E+01
         126  2.57308972E+01       127  2.69494367E+01       128  2.52739451E+01       129  1.90977540E+01       130  7.34994195E+00
         131  3.50233909E+00       132  1.04330193E+01       133  1.71434107E+01       134  2.34828931E+01       135  2.92634384E+01
         136  3.41744235E+01       137  3.75918001E+01       138  3.81237155E+01       139  3.24858777E+01       140  1.43033034E+01
         141  4.25074708E+00       142  1.26833317E+01       143  2.09284168E+01       144  2.89159245E+01       145  3.66152811E+01
         146  4.39811891E+01       147  5.08251873E+01       148  5.64863382E+01       149  5.84789366E+01       150  4.13356340E+01
         151  5.08023984E+00       152  1.51453955E+01       153  2.49917083E+01       154  3.46306715E+01       155  4.42494200E+01
         156  5.41859255E+01       157  6.49442189E+01       158  7.74244886E+01       159  9.42544776E+01       160  1.30896682E+02
         161  6.02448502E+00       162  1.79010210E+01       163  2.93169676E+01       164  4.03932867E+01       165  5.15461321E+01
         166  6.35080709E+01       167  7.73338450E+01       168  9.46698207E+01       169  1.18831691E+02       170  1.56077056E+02
         171  7.31410951E+00       172  2.12260582E+01       173  3.41704193E+01       174  4.61138307E+01       175  5.80376720E+01
         176  7.09684363E+01       177  8.61220342E+01       178  1.05206606E+02       179  1.30110091E+02       180  1.61918297E+02
         181  8.82432258E+00       182  2.67062711E+01       183  4.00322330E+01       184  5.17983412E+01       185  6.35331451E+01
         186  7.62444848E+01       187  9.09812895E+01       188  1.09051686E+02       189  1.32506657E+02       190  1.63972618E+02
         191  1.97019623E+01       192  3.56152743E+01       193  4.69303225E+01       194  5.74126011E+01       195  6.80532224E+01
         196  7.95648454E+01       197  9.26164014E+01       198  1.07973188E+02       199  1.26608759E+02       200  1.52622034E+02
1


           S O L U T E   B U D G E T      AFTER TIME STEP        1,   IN (SOLUTE MASS/SECOND)

                                                                                         SUM OF          SUM OF            NET
                                                                                       INCREASES(+)    DECREASES(-)       CHANGE
                                                                                      ==============  ==============  ==============
             RATE OF CHANGE IN SOLUTE DUE TO CONCENTRATION CHANGE                      0.0000000E+00   0.0000000E+00   0.0000000E+00
             RATE OF CHANGE OF ADSORBATE                                               0.0000000E+00   0.0000000E+00   0.0000000E+00
             RATE OF CHANGE IN SOLUTE DUE TO CHANGE IN MASS OF FLUID                   0.0000000E+00   0.0000000E+00   0.0000000E+00
                                                                                      --------------  --------------  --------------
             TOTAL RATE OF CHANGE OF SOLUTE [ S+, S-, S ]                              0.0000000E+00   0.0000000E+00   0.0000000E+00

                                                                                         SUM OF          SUM OF            NET
                                                                                       PRODUCTION(+)     DECAY(-)       PROD./DECAY
                                                                                      ==============  ==============  ==============
             FIRST-ORDER PRODUCTION/DECAY OF SOLUTE                                    0.0000000E+00   0.0000000E+00   0.0000000E+00
             FIRST-ORDER PRODUCTION/DECAY OF ADSORBATE                                 0.0000000E+00   0.0000000E+00   0.0000000E+00
             ZERO-ORDER PRODUCTION/DECAY OF SOLUTE                                     0.0000000E+00   0.0000000E+00   0.0000000E+00
             ZERO-ORDER PRODUCTION/DECAY OF ADSORBATE                                  0.0000000E+00   0.0000000E+00   0.0000000E+00
                                                                                      --------------  --------------  --------------
             TOTAL RATE OF PRODUCTION/DECAY OF SOLUTE AND ADSORBATE [ P+, P-, P ]      0.0000000E+00   0.0000000E+00   0.0000000E+00

                                                                                         SUM OF          SUM OF            NET
                                                                                         GAINS(+)       LOSSES(-)       GAIN/LOSS
                                                                                      ==============  ==============  ==============
             GAIN/LOSS OF SOLUTE THROUGH FLUID SOURCES AND SINKS                       0.0000000E+00   0.0000000E+00   0.0000000E+00
             GAIN/LOSS OF SOLUTE THROUGH INFLOWS/OUTFLOWS AT SPECIFIED P NODES         2.2828883E-03  -2.2828883E-03   2.3071822E-16
             GAIN/LOSS OF SOLUTE THROUGH SOLUTE SOURCES AND SINKS                      0.0000000E+00   0.0000000E+00   0.0000000E+00
             GAIN/LOSS OF SOLUTE AT SPECIFIED CONCENTRATION NODES                      0.0000000E+00   0.0000000E+00   0.0000000E+00
                                                                                      --------------  --------------  --------------
             TOTAL RATE OF GAIN/LOSS OF SOLUTE                                         2.2828883E-03  -2.2828883E-03   2.3071822E-16
                 THROUGH FLOWS & SOURCES/SINKS [ F+, F-, F ]


             SOLUTE MASS BAL. ACTIVITY [ A = ((S+) - (S-) + (P+) - (P-) + (F+) - (F-))/2 ]    2.2828883E-03
             ABSOLUTE SOLUTE MASS BALANCE ERROR [ S - P - F ]                                -2.3071822E-16
             RELATIVE SOLUTE MASS BALANCE ERROR [ 100*(S - P - F)/A ]                        -1.0106418E-11 (PERCENT)



                      SOLUTE SOURCES OR SINKS AT FLUID SOURCES AND SINKS

                       NODE        SOURCE(+)/SINK(-)
                                (SOLUTE MASS/SECOND)

                          1            0.0000000E+00
                          2            0.0000000E+00
                          3            0.0000000E+00
                          4            0.0000000E+00
                          5            0.0000000E+00
                          6            0.0000000E+00
                          7            0.0000000E+00
                          8            0.0000000E+00
                          9            0.0000000E+00
                         10            0.0000000E+00
                         11            0.0000000E+00



                      SOLUTE SOURCES OR SINKS DUE TO FLUID INFLOWS OR OUTFLOWS AT POINTS OF SPECIFIED PRESSURE

                       NODE        SOURCE(+)/SINK(-)
                                (SOLUTE MASS/SECOND)

                        221           -1.9500608E-04
                        222           -4.2126377E-04
                        223           -5.1780218E-04
                        224           -4.8708669E-04
                        225           -3.7934387E-04
                        226           -2.2848442E-04
                        227           -5.3901282E-05
                        228            1.4717311E-04
                        229            4.0193888E-04
                        230            8.2106527E-04
                        231            9.1271103E-04






           *** LAST SOLUTION HAS BEEN STORED IN THE RESTART DATA FILE ***








           SUTRA SIMULATION TERMINATED AT COMPLETION OF TIME STEPS
           ***** ********** ********** ** ********** ** **** *****
