1***********************************************************************************************************************************



************************************************************************************************************************************



************************************************************************************************************************************



************************************************************************************************************************************







                                                SSSS   UU  UU  TTTTTT  RRRRR     AA  
                                               SS   S  UU  UU  T TT T  RR  RR   AAAA 
                                               SSSS    UU  UU    TT    RRRRR   AA  AA
                                                   SS  UU  UU    TT    RR R    AAAAAA
                                               SS  SS  UU  UU    TT    RR RR   AA  AA
                                                SSSS    UUUU     TT    RR  RR  AA  AA







                                     U N I T E D    S T A T E S   G E O L O G I C A L   S U R V E Y



                                             SUBSURFACE FLOW AND TRANSPORT SIMULATION MODEL


                                                          -SUTRA VERSION 2.2-


                                    *  SATURATED-UNSATURATED FLOW AND SOLUTE OR ENERGY TRANSPORT  *







************************************************************************************************************************************



************************************************************************************************************************************



************************************************************************************************************************************



************************************************************************************************************************************
1

************************************************************************************************************************************


                    * * * * *   S U T R A   S O L U T E   T R A N S P O R T   S I M U L A T I O N   * * * * *


************************************************************************************************************************************





 -----------------------------------------------------------------------------------------------------------------------------------

                          SUTRA Model created using Argus ONE and Sutra GUI                               

                          U.S. Geological Survey example parameter values                                 

 -----------------------------------------------------------------------------------------------------------------------------------





           F I L E   U N I T   A S S I G N M E N T S

             INPUT UNITS:
              INP FILE (MAIN INPUT)               50    ASSIGNED TO Rocky2D.inp                                                                     
              ICS FILE (INITIAL CONDITIONS)       55    ASSIGNED TO Rocky2D.ics                                                                     

             OUTPUT UNITS:
              SMY FILE (RUN SUMMARY)              80    ASSIGNED TO Rocky2D.smy                                                                     
              LST FILE (GENERAL OUTPUT)           60    ASSIGNED TO Rocky2D.lst                                                                     
              RST FILE (RESTART DATA)             66    ASSIGNED TO Rocky2D.rst                                                                     
              NOD FILE (NODEWISE OUTPUT)          30    ASSIGNED TO Rocky2D.nod                                                                     
              ELE FILE (VELOCITY OUTPUT)          40    ASSIGNED TO Rocky2D.ele                                                                     
              OBS FILE (OBSERVATION OUTPUT) (     70)   ASSIGNED TO Rocky2D.obs (BASE FILENAME)

              NAMES FOR OBS AND OBC FILES WILL BE GENERATED AUTOMATICALLY FROM THE BASE NAMES LISTED ABOVE AND SCHEDULE NAMES
              LISTED LATER IN THIS FILE.  UNIT NUMBERS ASSIGNED TO THESE FILES WILL BE THE FIRST AVAILABLE NUMBERS GREATER THAN
              OR EQUAL TO THE VALUES LISTED ABOVE IN PARENTHESES.




           S I M U L A T I O N   M O D E   O P T I O N S

           - ASSUME SATURATED FLOW ONLY
           - ASSUME STEADY-STATE FLOW FIELD CONSISTENT WITH INITIAL CONCENTRATION CONDITIONS
           - ALLOW TIME-DEPENDENT TRANSPORT
           - COLD START - BEGIN NEW SIMULATION
           - STORE RESULTS AFTER EVERY     9999 TIME STEPS IN RESTART FILE AS BACKUP AND FOR USE IN A SIMULATION RESTART




           S I M U L A T I O N   C O N T R O L   N U M B E R S

              357     NUMBER OF NODES IN FINITE-ELEMENT MESH
              320     NUMBER OF ELEMENTS IN MESH

               30     EXACT NUMBER OF NODES IN MESH AT WHICH PRESSURE IS A SPECIFIED CONSTANT OR FUNCTION OF TIME
                0     EXACT NUMBER OF NODES IN MESH AT WHICH SOLUTE CONCENTRATION IS A SPECIFIED CONSTANT OR FUNCTION OF TIME

                4     EXACT NUMBER OF NODES AT WHICH FLUID INFLOW OR OUTFLOW IS A SPECIFIED CONSTANT OR FUNCTION OF TIME
                0     EXACT NUMBER OF NODES AT WHICH A SOURCE OR SINK OF SOLUTE MASS IS A SPECIFIED CONSTANT OR FUNCTION OF TIME

                0     EXACT NUMBER OF NODES AT WHICH PRESSURE AND CONCENTRATION WILL BE OBSERVED




           N U M E R I C A L   C O N T R O L   D A T A

                   0.00000     "UPSTREAM WEIGHTING" FACTOR
                1.0000E+04     SPECIFIED PRESSURE BOUNDARY CONDITION FACTOR
                1.0000E+00     SPECIFIED CONCENTRATION BOUNDARY CONDITION FACTOR
1



           T E M P O R A L   C O N T R O L   A N D   S O L U T I O N   C Y C L I N G   D A T A

             THE     5 SCHEDULES ARE LISTED BELOW.  SCHEDULE "TIME_STEPS" CONTROLS TIME STEPPING.

                SCHEDULE TIME_STEPS   TIME CYCLE WITH THE FOLLOWING SPECIFICATIONS IN TERMS OF ELAPSED TIMES:
                                                     1     MAXIMUM NUMBER OF TIMES AFTER INITIAL TIME
                                         0.0000000E+00     INITIAL TIME
                                         1.0000000E+99     LIMITING TIME
                                         3.1557600E+10     INITIAL TIME INCREMENT
                                                  9999     TIME INCREMENT CHANGE CYCLE 
                                         1.0000000E+00     TIME INCREMENT MULTIPLIER
                                         1.0000000E-20     MINIMUM TIME INCREMENT
                                         1.0000000E+99     MAXIMUM TIME INCREMENT

                SCHEDULE Timed_Obs    STEP CYCLE WITH THE FOLLOWING SPECIFICATIONS:
                                               5     MAXIMUM NUMBER OF TIME STEPS AFTER INITIAL TIME STEP NUMBER
                                               0     INITIAL TIME STEP NUMBER
                                               5     LIMITING TIME STEP NUMBER
                                               1     TIME STEP INCREMENT

                SCHEDULE STEPS_1&UP   IDENTICAL TO SCHEDULE "TIME_STEPS", EXCEPT THAT IT OMITS TIME STEP 0;
                                         THIS SCHEDULE IS DEFINED AUTOMATICALLY BY SUTRA

                SCHEDULE STEP_0       CONSISTS ONLY OF TIME STEP 0;
                                         THIS SCHEDULE IS DEFINED AUTOMATICALLY BY SUTRA

                SCHEDULE STEP_1       CONSISTS ONLY OF TIME STEP 1;
                                         THIS SCHEDULE IS DEFINED AUTOMATICALLY BY SUTRA

             SOLUTION CYCLING DATA:

                         1     FLOW SOLUTION CYCLE (IN TIME STEPS)
                         1     TRANSPORT SOLUTION CYCLE (IN TIME STEPS)

                FLOW AND TRANSPORT SOLUTIONS ARE ALSO COMPUTED AUTOMATICALLY ON TIME STEPS ON WHICH FLOW-RELATED 
                AND TRANSPORT-RELATED BOUNDARY CONDITIONS, RESPECTIVELY, ARE SET IN (OPTIONAL) BCS FILES.




           I T E R A T I O N   C O N T R O L   D A T A

             NON-ITERATIVE SOLUTION




           S O L V E R - R E L A T E D   P A R A M E T E R S

             SOLVER FOR P AND U: BANDED GAUSSIAN ELIMINATION (DIRECT)    




           O U T P U T   C O N T R O L S   A N D   O P T I O N S

             .LST FILE
             ---------

                 9999   PRINTED OUTPUT CYCLE (IN TIME STEPS)

             - CANCEL PRINT OF NODE COORDINATES, THICKNESSES AND POROSITIES
             - CANCEL PRINT OF ELEMENT PERMEABILITIES AND DISPERSIVITIES
             - CANCEL PRINT OF NODE INCIDENCES IN EACH ELEMENT

             - PRINT PRESSURES AND SATURATIONS AT NODES ON EACH TIME STEP WITH OUTPUT
             - CALCULATE AND PRINT VELOCITIES AT ELEMENT CENTROIDS ON EACH TIME STEP WITH OUTPUT
             - PRINT CONCENTRATIONS AT NODES ON EACH TIME STEP WITH OUTPUT

             - CALCULATE AND PRINT FLUID AND SOLUTE BUDGETS ON EACH TIME STEP WITH OUTPUT


             .NOD FILE
             ---------

                 9999   PRINTED OUTPUT CYCLE (IN TIME STEPS)

             COLUMN 1:  X-COORDINATE             
             COLUMN 2:  Y-COORDINATE             
             COLUMN 3:  PRESSURE                 
             COLUMN 4:  CONCENTRATION/TEMPERATURE
             COLUMN 5:  SATURATION               


             .ELE FILE
             ---------

                 9999   PRINTED OUTPUT CYCLE (IN TIME STEPS)

             COLUMN 1:  X-COORDINATE OF CENTROID 
             COLUMN 2:  Y-COORDINATE OF CENTROID 
             COLUMN 3:  X-VELOCITY               
             COLUMN 4:  Y-VELOCITY               


             .BCOF, .BCOS, .BCOP, AND .BCOU FILES
             ------------------------------------

                 9999   PRINTED OUTPUT CYCLE FOR FLUID SOURCES/SINK NODES TO .BCOF FILE (IN TIME STEPS)
                 9999   PRINTED OUTPUT CYCLE FOR SOLUTE SOURCES/SINK NODES TO .BCOS FILE (IN TIME STEPS)
                 9999   PRINTED OUTPUT CYCLE FOR SPECIFIED PRESSURE NODES TO .BCOP FILE (IN TIME STEPS)
                 9999   PRINTED OUTPUT CYCLE FOR SPECIFIED CONCENTRATION NODES TO .BCOU FILE (IN TIME STEPS)

             - PRINT INACTIVE BOUNDARY CONDITIONS
1



           C O N S T A N T   P R O P E R T I E S   O F   F L U I D   A N D   S O L I D   M A T R I X

                0.0000E+00     COMPRESSIBILITY OF FLUID
                0.0000E+00     COMPRESSIBILITY OF POROUS MATRIX

                1.0000E+00     FLUID VISCOSITY

                2.6000E+03     DENSITY OF A SOLID GRAIN

             FLUID DENSITY, RHOW
             CALCULATED BY SUTRA IN TERMS OF SOLUTE CONCENTRATION, U, AS:
             RHOW = RHOW0 + DRWDU*(U-URHOW0)

                1.0000E+00     FLUID BASE DENSITY, RHOW0
                0.0000E+00     COEFFICIENT OF DENSITY CHANGE WITH SOLUTE CONCENTRATION, DRWDU
                0.0000E+00     SOLUTE CONCENTRATION, URHOW0, AT WHICH FLUID DENSITY IS AT BASE VALUE, RHOW0

                1.0000E-09     MOLECULAR DIFFUSIVITY OF SOLUTE IN FLUID




           A D S O R P T I O N   P A R A M E T E R S

                NON-SORBING SOLUTE




           P R O D U C T I O N   A N D   D E C A Y   O F   S P E C I E S   M A S S

             PRODUCTION RATE (+)
             DECAY RATE (-)

                0.0000E+00     ZERO-ORDER RATE OF SOLUTE MASS PRODUCTION/DECAY IN FLUID
                0.0000E+00     ZERO-ORDER RATE OF ADSORBATE MASS PRODUCTION/DECAY IN IMMOBILE PHASE
                0.0000E+00     FIRST-ORDER RATE OF SOLUTE MASS PRODUCTION/DECAY IN FLUID
                0.0000E+00     FIRST-ORDER RATE OF ADSORBATE MASS PRODUCTION/DECAY IN IMMOBILE PHASE




           C O O R D I N A T E   O R I E N T A T I O N   T O   G R A V I T Y

             COMPONENT OF GRAVITY VECTOR
             IN +X DIRECTION, GRAVX
                0.0000E+00     GRAVX = -GRAV * D(ELEVATION)/DX

             COMPONENT OF GRAVITY VECTOR
             IN +Y DIRECTION, GRAVY
                0.0000E+00     GRAVY = -GRAV * D(ELEVATION)/DY
1



           N O D E   I N F O R M A T I O N

                PRINTOUT OF NODE COORDINATES, THICKNESSES AND POROSITIES CANCELLED.

                SCALE FACTORS :
                                      1.0000E+00     X-SCALE
                                      1.0000E+00     Y-SCALE
                                      1.0000E+00     THICKNESS FACTOR
                                      1.0000E+00     POROSITY FACTOR




           E L E M E N T   I N F O R M A T I O N

                PRINTOUT OF ELEMENT PERMEABILITIES AND DISPERSIVITIES CANCELLED.

                SCALE FACTORS :
                                      1.0000E+00     MAXIMUM PERMEABILITY FACTOR
                                      1.0000E+00     MINIMUM PERMEABILITY FACTOR
                                      1.0000E+00     ANGLE FROM +X TO MAXIMUM DIRECTION FACTOR
                                      1.0000E+00     FACTOR FOR LONGITUDINAL DISPERSIVITY IN MAX-PERM DIRECTION
                                      1.0000E+00     FACTOR FOR LONGITUDINAL DISPERSIVITY IN MIN-PERM DIRECTION
                                      1.0000E+00     FACTOR FOR TRANSVERSE DISPERSIVITY IN MAX-PERM DIRECTION
                                      1.0000E+00     FACTOR FOR TRANSVERSE DISPERSIVITY IN MIN-PERM DIRECTION
1



           F L U I D   S O U R C E   D A T A



           **** NODES AT WHICH FLUID INFLOWS OR OUTFLOWS ARE SPECIFIED ****

                             DEFAULT FLUID     DEFAULT CONCENTRATION
                      INFLOW(+)/OUTFLOW(-)        OF INFLOWING FLUID
            NODE       (FLUID MASS/SECOND)  (MASS SOLUTE/MASS WATER)


             112       1.0000000000000E+00       1.0000000000000E+03
             276      -2.0000000000000E-01
             280      -2.0000000000000E-01
             284      -2.0000000000000E-01

           SPECIFICATIONS MADE IN (OPTIONAL) BCS INPUT FILES TAKE PRECEDENCE OVER THE
           DEFAULT VALUES LISTED ABOVE AND ANY VALUES SET IN SUBROUTINE BCTIME.
1



           S P E C I F I E D   P R E S S U R E   D A T A



           **** NODES AT WHICH PRESSURES ARE SPECIFIED ****

                (AS WELL AS SOLUTE CONCENTRATION OF ANY
                 FLUID INFLOW WHICH MAY OCCUR AT THE POINT
                 OF SPECIFIED PRESSURE)

            NODE          DEFAULT PRESSURE     DEFAULT CONCENTRATION


               3       2.5000000000000E+02       0.0000000000000E+00
               4       2.5000000000000E+02       0.0000000000000E+00
               5       2.5000000000000E+02       0.0000000000000E+00
               6       2.5000000000000E+02       0.0000000000000E+00
               7       2.5000000000000E+02       0.0000000000000E+00
               8       2.5000000000000E+02       0.0000000000000E+00
               9       2.5000000000000E+02       0.0000000000000E+00
              10       2.5000000000000E+02       0.0000000000000E+00
              11       2.5000000000000E+02       0.0000000000000E+00
              12       2.5000000000000E+02       0.0000000000000E+00
              13       2.5000000000000E+02       0.0000000000000E+00
              14       2.5000000000000E+02       0.0000000000000E+00
              15       2.5000000000000E+02       0.0000000000000E+00
             341       1.7500000000000E+01       0.0000000000000E+00
             342       2.0000000000000E+01       0.0000000000000E+00
             343       2.2500000000000E+01       0.0000000000000E+00
             344       2.5000000000000E+01       0.0000000000000E+00
             345       2.7500000000000E+01       0.0000000000000E+00
             346       3.0000000000000E+01       0.0000000000000E+00
             347       3.2500000000000E+01       0.0000000000000E+00
             348       3.5000000000000E+01       0.0000000000000E+00
             349       3.7500000000000E+01       0.0000000000000E+00
             350       4.0000000000000E+01       0.0000000000000E+00
             351       4.2500000000000E+01       0.0000000000000E+00
             352       4.5000000000000E+01       0.0000000000000E+00
             353       4.7500000000000E+01       0.0000000000000E+00
             354       5.0000000000000E+01       0.0000000000000E+00
             355       5.2500000000000E+01       0.0000000000000E+00
             356       5.5000000000000E+01       0.0000000000000E+00
             357       5.7500000000000E+01       0.0000000000000E+00

           SPECIFICATIONS MADE IN (OPTIONAL) BCS INPUT FILES TAKE PRECEDENCE OVER THE
           DEFAULT VALUES LISTED ABOVE AND ANY VALUES SET IN SUBROUTINE BCTIME.
1



           M E S H   C O N N E C T I O N   D A T A

                PRINTOUT OF NODAL INCIDENCES CANCELLED.




           **** MESH ANALYSIS ****




             MAXIMUM FULL BANDWIDTH,        37, WAS CALCULATED IN ELEMENT         1




           S I M U L A T I O N   D I M E N S I O N S

             REAL        ARRAYS WERE ALLOCATED        42274
             INTEGER     ARRAYS WERE ALLOCATED         2112
             INTEGER(1)  ARRAYS WERE ALLOCATED            4
             CHARACTER   ARRAYS WERE ALLOCATED          446 (SUM OF ARRAY_DIMENSION*CHARACTER_LENGTH)
             LOGICAL     ARRAYS WERE ALLOCATED            1
             ARRAYS OF POINTERS WERE ALLOCATED           10

                  0.347 Mbytes MEMORY USED FOR MAIN ARRAYS
             - assuming 1 byte/character
             - assuming 4-byte logical variables
             - pointer storage not included








------------------------------------------------------------------------------------------------------------------------------------
------------------------------------------------------------------------------------------------------------------------------------
------------------------------------------------------------------------------------------------------------------------------------
------------------------------------------------------------------------------------------------------------------------------------
------------------------------------------------------------------------------------------------------------------------------------
------------------------------------------------------------------------------------------------------------------------------------
------------------------------------------------------------------------------------------------------------------------------------
------------------------------------------------------------------------------------------------------------------------------------

1



           I N I T I A L   C O N D I T I O N S
           ___________________________________



           TIME INCREMENT      3.1558E+10 SECONDS

           TIME AT END         0.0000E+00 SECONDS
           OF STEP:            0.0000E+00 MINUTES
                               0.0000E+00 HOURS
                               0.0000E+00 DAYS
                               0.0000E+00 WEEKS
                               0.0000E+00 MONTHS
                               0.0000E+00 YEARS



           C  O  N  C  E  N  T  R  A  T  I  O  N

        NODE                      NODE                      NODE                      NODE                      NODE
           1  0.00000000E+00         2  0.00000000E+00         3  0.00000000E+00         4  0.00000000E+00         5  0.00000000E+00
           6  0.00000000E+00         7  0.00000000E+00         8  0.00000000E+00         9  0.00000000E+00        10  0.00000000E+00
          11  0.00000000E+00        12  0.00000000E+00        13  0.00000000E+00        14  0.00000000E+00        15  0.00000000E+00
          16  0.00000000E+00        17  0.00000000E+00        18  0.00000000E+00        19  0.00000000E+00        20  0.00000000E+00
          21  0.00000000E+00        22  0.00000000E+00        23  0.00000000E+00        24  0.00000000E+00        25  0.00000000E+00
          26  0.00000000E+00        27  0.00000000E+00        28  0.00000000E+00        29  0.00000000E+00        30  0.00000000E+00
          31  0.00000000E+00        32  0.00000000E+00        33  0.00000000E+00        34  0.00000000E+00        35  0.00000000E+00
          36  0.00000000E+00        37  0.00000000E+00        38  0.00000000E+00        39  0.00000000E+00        40  0.00000000E+00
          41  0.00000000E+00        42  0.00000000E+00        43  0.00000000E+00        44  0.00000000E+00        45  0.00000000E+00
          46  0.00000000E+00        47  0.00000000E+00        48  0.00000000E+00        49  0.00000000E+00        50  0.00000000E+00
          51  0.00000000E+00        52  0.00000000E+00        53  0.00000000E+00        54  0.00000000E+00        55  0.00000000E+00
          56  0.00000000E+00        57  0.00000000E+00        58  0.00000000E+00        59  0.00000000E+00        60  0.00000000E+00
          61  0.00000000E+00        62  0.00000000E+00        63  0.00000000E+00        64  0.00000000E+00        65  0.00000000E+00
          66  0.00000000E+00        67  0.00000000E+00        68  0.00000000E+00        69  0.00000000E+00        70  0.00000000E+00
          71  0.00000000E+00        72  0.00000000E+00        73  0.00000000E+00        74  0.00000000E+00        75  0.00000000E+00
          76  0.00000000E+00        77  0.00000000E+00        78  0.00000000E+00        79  0.00000000E+00        80  0.00000000E+00
          81  0.00000000E+00        82  0.00000000E+00        83  0.00000000E+00        84  0.00000000E+00        85  0.00000000E+00
          86  0.00000000E+00        87  0.00000000E+00        88  0.00000000E+00        89  0.00000000E+00        90  0.00000000E+00
          91  0.00000000E+00        92  0.00000000E+00        93  0.00000000E+00        94  0.00000000E+00        95  0.00000000E+00
          96  0.00000000E+00        97  0.00000000E+00        98  0.00000000E+00        99  0.00000000E+00       100  0.00000000E+00
         101  0.00000000E+00       102  0.00000000E+00       103  0.00000000E+00       104  0.00000000E+00       105  0.00000000E+00
         106  0.00000000E+00       107  0.00000000E+00       108  0.00000000E+00       109  0.00000000E+00       110  0.00000000E+00
         111  0.00000000E+00       112  0.00000000E+00       113  0.00000000E+00       114  0.00000000E+00       115  0.00000000E+00
         116  0.00000000E+00       117  0.00000000E+00       118  0.00000000E+00       119  0.00000000E+00       120  0.00000000E+00
         121  0.00000000E+00       122  0.00000000E+00       123  0.00000000E+00       124  0.00000000E+00       125  0.00000000E+00
         126  0.00000000E+00       127  0.00000000E+00       128  0.00000000E+00       129  0.00000000E+00       130  0.00000000E+00
         131  0.00000000E+00       132  0.00000000E+00       133  0.00000000E+00       134  0.00000000E+00       135  0.00000000E+00
         136  0.00000000E+00       137  0.00000000E+00       138  0.00000000E+00       139  0.00000000E+00       140  0.00000000E+00
         141  0.00000000E+00       142  0.00000000E+00       143  0.00000000E+00       144  0.00000000E+00       145  0.00000000E+00
         146  0.00000000E+00       147  0.00000000E+00       148  0.00000000E+00       149  0.00000000E+00       150  0.00000000E+00
         151  0.00000000E+00       152  0.00000000E+00       153  0.00000000E+00       154  0.00000000E+00       155  0.00000000E+00
         156  0.00000000E+00       157  0.00000000E+00       158  0.00000000E+00       159  0.00000000E+00       160  0.00000000E+00
         161  0.00000000E+00       162  0.00000000E+00       163  0.00000000E+00       164  0.00000000E+00       165  0.00000000E+00
         166  0.00000000E+00       167  0.00000000E+00       168  0.00000000E+00       169  0.00000000E+00       170  0.00000000E+00
         171  0.00000000E+00       172  0.00000000E+00       173  0.00000000E+00       174  0.00000000E+00       175  0.00000000E+00
         176  0.00000000E+00       177  0.00000000E+00       178  0.00000000E+00       179  0.00000000E+00       180  0.00000000E+00
         181  0.00000000E+00       182  0.00000000E+00       183  0.00000000E+00       184  0.00000000E+00       185  0.00000000E+00
         186  0.00000000E+00       187  0.00000000E+00       188  0.00000000E+00       189  0.00000000E+00       190  0.00000000E+00
         191  0.00000000E+00       192  0.00000000E+00       193  0.00000000E+00       194  0.00000000E+00       195  0.00000000E+00
         196  0.00000000E+00       197  0.00000000E+00       198  0.00000000E+00       199  0.00000000E+00       200  0.00000000E+00
         201  0.00000000E+00       202  0.00000000E+00       203  0.00000000E+00       204  0.00000000E+00       205  0.00000000E+00
         206  0.00000000E+00       207  0.00000000E+00       208  0.00000000E+00       209  0.00000000E+00       210  0.00000000E+00
         211  0.00000000E+00       212  0.00000000E+00       213  0.00000000E+00       214  0.00000000E+00       215  0.00000000E+00
         216  0.00000000E+00       217  0.00000000E+00       218  0.00000000E+00       219  0.00000000E+00       220  0.00000000E+00
         221  0.00000000E+00       222  0.00000000E+00       223  0.00000000E+00       224  0.00000000E+00       225  0.00000000E+00
         226  0.00000000E+00       227  0.00000000E+00       228  0.00000000E+00       229  0.00000000E+00       230  0.00000000E+00
         231  0.00000000E+00       232  0.00000000E+00       233  0.00000000E+00       234  0.00000000E+00       235  0.00000000E+00
         236  0.00000000E+00       237  0.00000000E+00       238  0.00000000E+00       239  0.00000000E+00       240  0.00000000E+00
         241  0.00000000E+00       242  0.00000000E+00       243  0.00000000E+00       244  0.00000000E+00       245  0.00000000E+00
         246  0.00000000E+00       247  0.00000000E+00       248  0.00000000E+00       249  0.00000000E+00       250  0.00000000E+00
         251  0.00000000E+00       252  0.00000000E+00       253  0.00000000E+00       254  0.00000000E+00       255  0.00000000E+00
         256  0.00000000E+00       257  0.00000000E+00       258  0.00000000E+00       259  0.00000000E+00       260  0.00000000E+00
         261  0.00000000E+00       262  0.00000000E+00       263  0.00000000E+00       264  0.00000000E+00       265  0.00000000E+00
         266  0.00000000E+00       267  0.00000000E+00       268  0.00000000E+00       269  0.00000000E+00       270  0.00000000E+00
         271  0.00000000E+00       272  0.00000000E+00       273  0.00000000E+00       274  0.00000000E+00       275  0.00000000E+00
         276  0.00000000E+00       277  0.00000000E+00       278  0.00000000E+00       279  0.00000000E+00       280  0.00000000E+00
         281  0.00000000E+00       282  0.00000000E+00       283  0.00000000E+00       284  0.00000000E+00       285  0.00000000E+00
         286  0.00000000E+00       287  0.00000000E+00       288  0.00000000E+00       289  0.00000000E+00       290  0.00000000E+00
         291  0.00000000E+00       292  0.00000000E+00       293  0.00000000E+00       294  0.00000000E+00       295  0.00000000E+00
         296  0.00000000E+00       297  0.00000000E+00       298  0.00000000E+00       299  0.00000000E+00       300  0.00000000E+00
         301  0.00000000E+00       302  0.00000000E+00       303  0.00000000E+00       304  0.00000000E+00       305  0.00000000E+00
         306  0.00000000E+00       307  0.00000000E+00       308  0.00000000E+00       309  0.00000000E+00       310  0.00000000E+00
         311  0.00000000E+00       312  0.00000000E+00       313  0.00000000E+00       314  0.00000000E+00       315  0.00000000E+00
         316  0.00000000E+00       317  0.00000000E+00       318  0.00000000E+00       319  0.00000000E+00       320  0.00000000E+00
         321  0.00000000E+00       322  0.00000000E+00       323  0.00000000E+00       324  0.00000000E+00       325  0.00000000E+00
         326  0.00000000E+00       327  0.00000000E+00       328  0.00000000E+00       329  0.00000000E+00       330  0.00000000E+00
         331  0.00000000E+00       332  0.00000000E+00       333  0.00000000E+00       334  0.00000000E+00       335  0.00000000E+00
         336  0.00000000E+00       337  0.00000000E+00       338  0.00000000E+00       339  0.00000000E+00       340  0.00000000E+00
         341  0.00000000E+00       342  0.00000000E+00       343  0.00000000E+00       344  0.00000000E+00       345  0.00000000E+00
         346  0.00000000E+00       347  0.00000000E+00       348  0.00000000E+00       349  0.00000000E+00       350  0.00000000E+00
         351  0.00000000E+00       352  0.00000000E+00       353  0.00000000E+00       354  0.00000000E+00       355  0.00000000E+00
         356  0.00000000E+00       357  0.00000000E+00
1

           RESULTS FOR TIME STEP        0
           _______ ___ ____ ____ ________

           P-SOLUTION COMPUTED USING DIRECT SOLVER



           S  T  E  A  D  Y  -  S  T  A  T  E     P  R  E  S  S  U  R  E

        NODE                      NODE                      NODE                      NODE                      NODE
           1  2.35741878E+02         2  2.37740259E+02         3  2.49999986E+02         4  2.49999991E+02         5  2.49999992E+02
           6  2.49999993E+02         7  2.49999994E+02         8  2.49999994E+02         9  2.49999995E+02        10  2.49999995E+02
          11  2.49999995E+02        12  2.49999995E+02        13  2.49999994E+02        14  2.49999993E+02        15  2.49999989E+02
          16  2.40331311E+02        17  2.38737104E+02        18  2.33834229E+02        19  2.35696511E+02        20  2.38559365E+02
          21  2.41234421E+02        22  2.42312649E+02        23  2.43142967E+02        24  2.43893366E+02        25  2.44552145E+02
          26  2.45037121E+02        27  2.45259189E+02        28  2.45174553E+02        29  2.44801226E+02        30  2.44180720E+02
          31  2.43257360E+02        32  2.41044629E+02        33  2.38705039E+02        34  2.37207028E+02        35  2.28933735E+02
          36  2.29562338E+02        37  2.31200299E+02        38  2.33041116E+02        39  2.34761972E+02        40  2.36320739E+02
          41  2.37855030E+02        42  2.39276065E+02        43  2.40355596E+02        44  2.40853985E+02        45  2.40652273E+02
          46  2.39829765E+02        47  2.38572511E+02        48  2.36984915E+02        49  2.35276126E+02        50  2.33802296E+02
          51  2.33241828E+02        52  2.22087767E+02        53  2.22515094E+02        54  2.23671705E+02        55  2.25321844E+02
          56  2.27266669E+02        57  2.29455370E+02        58  2.31877886E+02        59  2.34321707E+02        60  2.36315665E+02
          61  2.37228893E+02        62  2.36808587E+02        63  2.35261987E+02        64  2.33186265E+02        65  2.31077852E+02
          66  2.29283858E+02        67  2.28053063E+02        68  2.27606799E+02        69  2.14295671E+02        70  2.14658934E+02
          71  2.15710303E+02        72  2.17363710E+02        73  2.19558982E+02        74  2.22309617E+02        75  2.25692067E+02
          76  2.29792493E+02        77  2.33408851E+02        78  2.35287733E+02        79  2.34148457E+02        80  2.31205606E+02
          81  2.27692428E+02        82  2.24865058E+02        83  2.22761651E+02        84  2.21449905E+02        85  2.21002038E+02
          86  2.05737627E+02        87  2.06095957E+02        88  2.07157345E+02        89  2.08897838E+02        90  2.11324994E+02
          91  2.14531809E+02        92  2.18769160E+02        93  2.24478497E+02        94  2.33476110E+02        95  2.36369709E+02
          96  2.34545590E+02        97  2.26479548E+02        98  2.21521986E+02        99  2.17941125E+02       100  2.15455301E+02
         101  2.13967043E+02       102  2.13469485E+02       103  1.96449594E+02       104  1.96822984E+02       105  1.97935201E+02
         106  1.99773829E+02       107  2.02358340E+02       108  2.05805829E+02       109  2.10435485E+02       110  2.17107485E+02
         111  2.27146321E+02       112  2.64217793E+02       113  2.28726820E+02       114  2.19929053E+02       115  2.14066443E+02
         116  2.09996623E+02       117  2.07169512E+02       118  2.05491495E+02       119  2.04936957E+02       120  1.86407012E+02
         121  1.86807116E+02       122  1.87994020E+02       123  1.89932522E+02       124  1.92590371E+02       125  1.96009531E+02
         126  2.00426938E+02       127  2.06354633E+02       128  2.15772738E+02       129  2.19393600E+02       130  2.18311460E+02
         131  2.10567806E+02       132  2.05212770E+02       133  2.00882635E+02       134  1.97723216E+02       135  1.95898654E+02
         136  1.95311790E+02       137  1.75556897E+02       138  1.75994704E+02       139  1.77296514E+02       140  1.79389289E+02
         141  1.82122614E+02       142  1.85331010E+02       143  1.89005661E+02       144  1.93365868E+02       145  1.97576567E+02
         146  2.01019634E+02       147  2.02377469E+02       148  2.00259503E+02       149  1.95658931E+02       150  1.90341163E+02
         151  1.86892419E+02       152  1.85113226E+02       153  1.84550618E+02       154  1.63834409E+02       155  1.64305056E+02
         156  1.65756607E+02       157  1.68192798E+02       158  1.71228868E+02       159  1.74306527E+02       160  1.76957568E+02
         161  1.79293216E+02       162  1.81539626E+02       163  1.83873220E+02       164  1.89312395E+02       165  1.96282132E+02
         166  1.84353060E+02       167  1.77372379E+02       168  1.74633898E+02       169  1.73174181E+02       170  1.72721029E+02
         171  1.51194801E+02       172  1.51662028E+02       173  1.53144492E+02       174  1.56067971E+02       175  1.60536025E+02
         176  1.63884709E+02       177  1.65385760E+02       178  1.65087794E+02       179  1.65426882E+02       180  1.66673825E+02
         181  1.67059363E+02       182  1.68001543E+02       183  1.63224341E+02       184  1.62733166E+02       185  1.61142055E+02
         186  1.60302594E+02       187  1.60037611E+02       188  1.37670878E+02       189  1.38059474E+02       190  1.39330511E+02
         191  1.41781492E+02       192  1.48572979E+02       193  1.60252857E+02       194  1.53837085E+02       195  1.49466328E+02
         196  1.48795886E+02       197  1.48685163E+02       198  1.48698066E+02       199  1.47977626E+02       200  1.47105358E+02
         201  1.47062585E+02       202  1.46971651E+02       203  1.46885987E+02       204  1.46854338E+02       205  1.23423665E+02
         206  1.23652777E+02       207  1.24396637E+02       208  1.25879217E+02       209  1.26324104E+02       210  1.32201333E+02
         211  1.32850492E+02       212  1.32646273E+02       213  1.31700454E+02       214  1.30680366E+02       215  1.30446462E+02
         216  1.28200428E+02       217  1.31085444E+02       218  1.31470787E+02       219  1.32767878E+02       220  1.33408156E+02
         221  1.33603615E+02       222  1.08757251E+02       223  1.08768346E+02       224  1.08815454E+02       225  1.08885823E+02
         226  1.08926735E+02       227  1.11936311E+02       228  1.14910100E+02       229  1.14915766E+02       230  1.14694070E+02
         231  1.13719779E+02       232  1.08703047E+02       233  1.00819639E+02       234  1.10767783E+02       235  1.16871853E+02
         236  1.19133743E+02       237  1.20338263E+02       238  1.20709773E+02       239  9.41202177E+01       240  9.38359385E+01
         241  9.31448261E+01       242  9.19600688E+01       243  9.16395434E+01       244  9.17899531E+01       245  9.68482265E+01
         246  9.72290107E+01       247  9.84475065E+01       248  9.82134036E+01       249  9.68729272E+01       250  9.70987277E+01
         251  9.95713902E+01       252  1.03641374E+02       253  1.06536424E+02       254  1.08035211E+02       255  1.08511305E+02
         256  8.00010421E+01       257  7.94974402E+01       258  7.75829314E+01       259  7.58126072E+01       260  7.08726291E+01
         261  6.49175009E+01       262  7.42685784E+01       263  8.06588137E+01       264  8.30890243E+01       265  8.50601837E+01
         266  8.51206910E+01       267  8.62479464E+01       268  8.86863980E+01       269  9.24374012E+01       270  9.51259996E+01
         271  9.67075445E+01       272  9.72186336E+01       273  6.67938389E+01       274  6.62137614E+01       275  6.42869652E+01
         276  5.59118435E+01       277  6.11020503E+01       278  6.21706546E+01       279  6.38266016E+01       280  6.08435020E+01
         281  7.07180593E+01       282  7.35417150E+01       283  7.44781429E+01       284  6.94524815E+01       285  7.87028125E+01
         286  8.23390506E+01       287  8.48957612E+01       288  8.64152306E+01       289  8.69217916E+01       290  5.45396881E+01
         291  5.41937888E+01       292  5.28143968E+01       293  5.22689527E+01       294  5.25542150E+01       295  5.43079997E+01
         296  5.55156619E+01       297  5.79301018E+01       298  6.07411751E+01       299  6.38799590E+01       300  6.52464848E+01
         301  6.72756815E+01       302  6.98616947E+01       303  7.33218464E+01       304  7.56804910E+01       305  7.71385258E+01
         306  7.76330975E+01       307  4.28960079E+01       308  4.29062786E+01       309  4.30993739E+01       310  4.36342100E+01
         311  4.47485669E+01       312  4.62894421E+01       313  4.82568049E+01       314  5.05001882E+01       315  5.30388216E+01
         316  5.54770539E+01       317  5.77982193E+01       318  6.00686254E+01       319  6.25969912E+01       320  6.51360684E+01
         321  6.73619019E+01       322  6.88355429E+01       323  6.93643897E+01       324  3.11818707E+01       325  3.16231848E+01
         326  3.29019176E+01       327  3.44522616E+01       328  3.62339957E+01       329  3.82474586E+01       330  4.04508339E+01
         331  4.28127532E+01       332  4.52553535E+01       333  4.77139877E+01       334  5.01424302E+01       335  5.25815322E+01
         336  5.50459689E+01       337  5.74845118E+01       338  5.97351416E+01       339  6.15630874E+01       340  6.22077080E+01
         341  1.75000074E+01       342  2.00000119E+01       343  2.25000105E+01       344  2.50000095E+01       345  2.75000088E+01
         346  3.00000083E+01       347  3.25000080E+01       348  3.50000078E+01       349  3.75000078E+01       350  4.00000077E+01
         351  4.25000076E+01       352  4.50000076E+01       353  4.75000075E+01       354  5.00000074E+01       355  5.25000071E+01
         356  5.50000062E+01       357  5.75000017E+01
1


           F L U I D   M A S S   B U D G E T      AFTER TIME STEP        0,     IN (MASS/SECOND)

                                                                                         SUM OF          SUM OF            NET
                                                                                       INCREASES(+)    DECREASES(-)       CHANGE
                                                                                      ==============  ==============  ==============
             RATE OF CHANGE IN TOTAL STORED FLUID DUE TO PRESSURE CHANGE               0.0000000E+00   0.0000000E+00   0.0000000E+00
             RATE OF CHANGE IN TOTAL STORED FLUID DUE TO CONCENTRATION CHANGE          0.0000000E+00   0.0000000E+00   0.0000000E+00
                                                                                      --------------  --------------  --------------
             TOTAL RATE OF CHANGE IN STORED FLUID [ S+, S-, S ]                        0.0000000E+00   0.0000000E+00   0.0000000E+00

                                                                                         SUM OF          SUM OF            NET
                                                                                         GAINS(+)       LOSSES(-)       GAIN/LOSS
                                                                                      ==============  ==============  ==============
             GAIN/LOSS OF FLUID THROUGH FLUID SOURCES AND SINKS                        1.0000000E+00  -6.0000000E-01   4.0000000E-01
             GAIN/LOSS OF FLUID THROUGH INFLOWS/OUTFLOWS AT SPECIFIED P NODES          9.2939080E-01  -1.3293908E+00  -4.0000000E-01
                                                                                      --------------  --------------  --------------
             TOTAL RATE OF GAIN/LOSS OF FLUID THROUGH FLOWS [ F+, F-, F ]              1.9293908E+00  -1.9293908E+00   3.2836396E-09


             FLUID MASS BALANCE ACTIVITY [ A = ((S+) - (S-) + (F+) - (F-))/2 ]                1.9293908E+00
             ABSOLUTE FLUID MASS BALANCE ERROR [ S - F ]                                     -3.2836396E-09
             RELATIVE FLUID MASS BALANCE ERROR [ 100*(S - F)/A ]                             -1.7019049E-07 (PERCENT)



                      FLUID SOURCES OR SINKS DUE TO SPECIFIED PRESSURES

                       NODE     INFLOW(+)/OUTFLOW(-)
                                       (MASS/SECOND)

                          3            1.3546508E-01
                          4            9.2978460E-02
                          5            7.7699801E-02
                          6            6.8836660E-02
                          7            6.1371680E-02
                          8            5.5057841E-02
                          9            5.0505101E-02
                         10            4.8430411E-02
                         11            4.9216726E-02
                         12            5.2811620E-02
                         13            5.9202258E-02
                         14            7.1724239E-02
                         15            1.0609093E-01
                        341           -7.4047038E-02
                        342           -1.1902311E-01
                        343           -1.0492444E-01
                        344           -9.5293822E-02
                        345           -8.8112299E-02
                        346           -8.3107545E-02
                        347           -8.0036739E-02
                        348           -7.8396390E-02
                        349           -7.7606904E-02
                        350           -7.7039161E-02
                        351           -7.6459757E-02
                        352           -7.5899695E-02
                        353           -7.5373301E-02
                        354           -7.4218666E-02
                        355           -7.0942397E-02
                        356           -6.1686389E-02
                        357           -1.7223137E-02
1

           RESULTS FOR TIME STEP        1
           _______ ___ ____ ____ ________
  
           U-SOLUTION COMPUTED USING DIRECT SOLVER



           TIME INCREMENT      3.1558E+10 SECONDS

           TIME AT END         3.1558E+10 SECONDS
           OF STEP:            5.2596E+08 MINUTES
                               8.7660E+06 HOURS
                               3.6525E+05 DAYS
                               5.2179E+04 WEEKS
                               1.2000E+04 MONTHS
                               1.0000E+03 YEARS



           C  O  N  C  E  N  T  R  A  T  I  O  N

        NODE                      NODE                      NODE                      NODE                      NODE
           1  1.88043838E-06         2  1.07148156E-06         3  4.66989633E-08         4  3.49147831E-06         5 -1.13873899E-05
           6 -1.79507976E-04         7  4.46759066E-04         8  6.67588684E-04         9 -1.57654549E-03        10  3.83084432E-04
          11 -3.09366858E-04        12  1.05016959E-04        13  3.85230689E-04        14 -1.90041309E-05        15  1.21314526E-05
          16 -2.56698791E-04        17 -6.15293268E-04        18  4.16672313E-07        19 -2.00078228E-06        20 -2.44081587E-06
          21 -1.27654055E-06        22  5.03929494E-04        23  1.19253778E-03        24 -1.87109591E-02        25 -2.19178589E-02
          26  4.40782497E-02        27  1.81807795E-02        28  1.19809549E-02        29 -1.06572457E-02        30 -1.58693318E-02
          31 -1.14480116E-03        32  1.18359103E-03        33  6.42424327E-04        34  3.75053987E-05        35 -2.99973382E-06
          36  1.10910411E-06        37  6.34414295E-05        38  4.31609248E-05        39 -1.30291795E-02        40 -2.91155553E-02
          41  3.36908870E-01        42  8.50871883E-01        43 -4.52257590E-01        44 -1.39501858E+00        45 -2.30043023E-01
          46  6.43857953E-01        47  3.16366070E-01        48 -2.26981484E-02        49 -1.61496010E-02        50  1.65495107E-04
          51  1.30407775E-04        52  2.15328950E-05        53 -2.66425692E-05        54  1.01646983E-04        55 -9.24697763E-03
          56  9.73817891E-02        57  7.90991959E-01        58 -1.25845389E+00        59 -1.28463806E+01        60 -1.31730382E+01
          61  2.91664909E+01        62 -8.66429697E+00        63 -1.28483126E+01        64 -1.34601010E+00        65  7.62864201E-01
          66  7.71775068E-02        67 -7.16168486E-03        68  1.29039534E-03        69 -1.13320604E-04        70  4.25081085E-04
          71 -5.09516876E-03        72  6.61635146E-02        73  1.74150706E-01        74 -5.84039061E+00        75 -1.61969476E+01
          76  6.10983165E+01        77  2.30564054E+02        78  2.39259217E+02        79  2.56395245E+02        80  6.85451882E+01
          81 -1.61380450E+01        82 -5.55519887E+00        83  2.53504980E-01        84  9.83673525E-03        85  3.20027171E-03
          86  4.96742645E-05        87 -1.07057395E-03        88  1.38185855E-02        89  1.03850425E-01        90 -3.63246099E+00
          91 -1.37046721E+00        92  1.48213526E+02        93  6.05153446E+02        94  9.65163688E+02        95  9.95871376E+02
          96  9.79529108E+02        97  6.25909477E+02        98  1.50061690E+02        99 -2.67332607E+00       100 -2.95812170E+00
         101  1.86531239E-01       102 -4.36363511E-02       103  1.78678149E-03       104 -5.78838606E-03       105  9.07774710E-02
         106 -1.33822070E+00       107 -1.82562853E+00       108  9.45922779E+01       109  4.76693471E+02       110  9.07456205E+02
         111  1.00799242E+03       112  9.99312300E+02       113  1.00659304E+03       114  9.15101914E+02       115  4.80132989E+02
         116  8.90373665E+01       117 -3.41180276E+00       118 -5.71353454E-01       119  7.99414308E-02       120 -5.08372856E-03
         121  2.62243626E-02       122 -2.20135644E-01       123 -2.36707363E+00       124  3.34807243E+01       125  2.64963378E+02
         126  7.02893735E+02       127  9.76047424E+02       128  1.00272948E+03       129  9.97774484E+02       130  1.00187272E+03
         131  9.78910201E+02       132  7.08939808E+02       133  2.64281518E+02       134  2.67928543E+01       135 -2.23162552E+00
         136  2.47644062E-01       137 -6.04834976E-03       138  3.79016900E-02       139 -1.08997995E+00       140  5.94541733E+00
         141  1.06206113E+02       142  4.19857085E+02       143  8.09263355E+02       144  9.86374571E+02       145  9.99657510E+02
         146  9.97316119E+02       147  9.98824997E+02       148  9.88969146E+02       149  8.39366820E+02       150  4.56079401E+02
         151  1.00456306E+02       152  1.35001016E+00       153 -5.17340840E-01       154  2.80164122E-02       155 -1.71466673E-01
         156 -4.22854693E-01       157  3.13885274E+01       158  1.95694966E+02       159  5.30232107E+02       160  8.51201289E+02
         161  9.84091390E+02       162  9.97143810E+02       163  9.96319987E+02       164  9.94443987E+02       165  1.01642594E+03
         166  9.28325868E+02       167  6.19704099E+02       168  1.86577229E+02       169  1.63852961E+01       170 -1.76480883E+00
         171  5.75483264E-02       172 -5.11870310E-01       173  6.29943640E+00       174  8.39930867E+01       175  3.10918273E+02
         176  6.00293700E+02       177  8.62892159E+02       178  9.73666985E+02       179  9.94947226E+02       180  9.94724470E+02
         181  9.91863429E+02       182  7.86674048E-01       183  8.94764465E+02       184  6.72995347E+02       185  2.61293856E+02
         186  3.77837611E+01       187 -6.81684169E-02       188 -1.55321819E-01       189  1.15336300E-01       190  2.03835028E+01
         191  1.80302066E+02       192  4.59504328E+02       193  6.48944658E+02       194  8.07158767E+02       195  9.48959943E+02
         196  9.92535303E+02       197  9.93125102E+02       198  9.89506632E+02       199  1.62451662E-01       200  8.44107112E+02
         201  6.65088273E+02       202  2.99733896E+02       203  5.98381936E+01       204  5.46634226E+00       205 -1.94342152E-01
         206  1.50989826E+00       207  4.61131325E+01       208  2.36880201E+02       209  4.24692600E+02       210  5.24211910E-01
         211  8.28181834E+02       212  9.23874133E+02       213  9.86832960E+02       214  9.91089530E+02       215  9.88030930E+02
         216  2.35165465E-01       217  8.03073218E+02       218  6.38479792E+02       219  3.02485689E+02       220  7.68945292E+01
         221  1.44072911E+01       222 -2.70354985E-01       223  5.18477800E+00       224  6.81260020E+01       225  2.44656637E+02
         226  3.80279197E+02       227  1.46174540E-01       228  8.48674006E+02       229  9.15859138E+02       230  9.77202441E+02
         231  9.91197870E+02       232  9.79364303E+02       233  8.43414695E+02       234  7.43685548E+02       235  5.79554579E+02
         236  2.86480865E+02       237  8.62941704E+01       238  2.53933743E+01       239 -1.94709715E-01       240  1.05284367E+01
         241  7.63695406E+01       242  2.38956317E+02       243  3.47241235E+02       244  1.91288242E-01       245  8.63355580E+02
         246  9.12961282E+02       247  9.71731127E+02       248  9.85842575E+02       249  9.84100849E+02       250  8.25530283E+02
         251  6.65077695E+02       252  5.03908412E+02       253  2.59525751E+02       254  9.06902447E+01       255  3.61308461E+01
         256  1.80925863E+00       257  1.18502554E+01       258  8.07186488E+01       259  2.14813988E+02       260  3.17313530E+02
         261  6.61299977E+02       262  8.69722709E+02       263  9.23223737E+02       264  9.66625969E+02       265  9.86921545E+02
         266  9.53504465E+02       267  7.99374588E+02       268  6.19480578E+02       269  4.30582763E+02       270  2.30928328E+02
         271  9.20173585E+01       272  4.57354212E+01       273  3.07352314E+00       274  1.47820854E+01       275  6.27421345E+01
         276  1.87446282E+02       277  3.19034834E+02       278  6.86092034E+02       279  8.90707209E+02       280  9.33183065E+02
         281  9.71934806E+02       282  9.77149568E+02       283  9.62911807E+02       284  7.55496328E+02       285  5.37615274E+02
         286  3.71378416E+02       287  2.04857648E+02       288  9.19766641E+01       289  5.38018778E+01       290  4.72538171E+00
         291  1.71906461E+01       292  4.68186944E+01       293  1.71002309E+02       294  4.10116805E+02       295  7.09585499E+02
         296  8.85563879E+02       297  9.50927167E+02       298  9.72872772E+02       299  9.72629265E+02       300  9.47797351E+02
         301  6.37117102E+02       302  4.53986978E+02       303  3.21553065E+02       304  1.82229476E+02       305  9.13904213E+01
         306  6.03002542E+01       307  7.54409572E+00       308  1.73019526E+01       309  5.50109270E+01       310  1.91652521E+02
         311  4.60741748E+02       312  7.40862532E+02       313  8.97331257E+02       314  9.55307092E+02       315  9.69970253E+02
         316  9.64799135E+02       317  8.50563780E+02       318  5.76034765E+02       319  4.02839318E+02       320  2.77646084E+02
         321  1.63335783E+02       322  9.01139608E+01       323  6.53686691E+01       324  9.56225622E+00       325  2.06456167E+01
         326  7.37461378E+01       327  2.36919833E+02       328  5.14800005E+02       329  7.73505012E+02       330  9.09629983E+02
         331  9.56438117E+02       332  9.65028907E+02       333  9.24830928E+02       334  7.60825246E+02       335  5.19714482E+02
         336  3.60543272E+02       337  2.42328816E+02       338  1.45379411E+02       339  8.78881224E+01       340  6.89398398E+01
         341  1.10466978E+01       342  2.65237239E+01       343  1.00192028E+02       344  2.92929768E+02       345  5.76737278E+02
         346  8.10712267E+02       347  9.22957481E+02       348  9.58682382E+02       349  9.55513204E+02       350  8.80802401E+02
         351  6.89439153E+02       352  4.69336429E+02       353  3.24391876E+02       354  2.12642143E+02       355  1.27231083E+02
         356  8.17001746E+01       357  6.82068572E+01



           S  T  E  A  D  Y  -  S  T  A  T  E     F  L  U  I  D     V  E  L  O  C  I  T  Y

           M A G N I T U D E   AT CENTROID OF ELEMENT

     ELEMENT                   ELEMENT                   ELEMENT                   ELEMENT                   ELEMENT
           1  3.45270866E-06         2  1.26633185E-05         3  1.27390591E-05         4  1.03051284E-05         5  9.10503212E-06
           6  8.11584657E-06         7  7.23327647E-06         8  6.51375864E-06         9  6.06638826E-06        10  5.97913920E-06
          11  6.26947539E-06        12  6.89718877E-06        13  7.87237343E-06        14  9.90823536E-06        15  1.00033092E-05
          16  2.76164724E-06        17  7.07019423E-06        18  8.89005839E-06        19  1.01217079E-05        20  9.99429253E-06
          21  9.10631931E-06        22  8.16370373E-06        23  7.18998958E-06        24  6.29985053E-06        25  5.69702833E-06
          26  5.58254701E-06        27  5.98047361E-06        28  6.71563541E-06        29  7.58943608E-06        30  7.91465011E-06
          31  7.08259418E-06        32  5.68982594E-06        33  8.70830110E-06        34  9.27582351E-06        35  9.77649008E-06
          36  9.78120976E-06        37  9.27598556E-06        38  8.39890393E-06        39  7.24662756E-06        40  5.94057720E-06
          41  4.87120154E-06        42  4.68414622E-06        43  5.46170652E-06        44  6.56075359E-06        45  7.42670755E-06
          46  7.75260981E-06        47  7.53061101E-06        48  7.14293067E-06        49  9.79263490E-06        50  9.98182812E-06
          51  1.01616820E-05        52  1.01272829E-05        53  9.78323135E-06        54  9.08786173E-06        55  7.84715008E-06
          56  5.82190656E-06        57  3.49657973E-06        58  3.03650818E-06        59  5.04923800E-06        60  6.91585727E-06
          61  7.94038220E-06        62  8.32377016E-06        63  8.35584877E-06        64  8.27384314E-06        65  1.07101372E-05
          66  1.07786496E-05        67  1.08462111E-05        68  1.08298656E-05        69  1.06776051E-05        70  1.03488448E-05
          71  9.80220861E-06        72  8.53852776E-06        73  3.06806367E-06        74  2.07001281E-06        75  7.39339105E-06
          76  8.62606795E-06        77  9.11146452E-06        78  9.34499318E-06        79  9.40746020E-06        80  9.40321818E-06
          81  1.16096396E-05        82  1.16390018E-05        83  1.16825092E-05        84  1.17325152E-05        85  1.18141380E-05
          86  1.20165199E-05        87  1.24989791E-05        88  1.46588596E-05        89  2.83686940E-05        90  2.70828219E-05
          91  1.30711213E-05        92  1.10617091E-05        93  1.07473520E-05        94  1.06735958E-05        95  1.06611106E-05
          96  1.06503658E-05        97  1.25458489E-05        98  1.25556541E-05        99  1.25874060E-05       100  1.26862077E-05
         101  1.29589409E-05       102  1.36083792E-05       103  1.51784700E-05       104  1.84152585E-05       105  4.33646250E-05
         106  4.14059596E-05       107  1.61140077E-05       108  1.33700181E-05       109  1.23963851E-05       110  1.21886652E-05
         111  1.20991474E-05       112  1.20324207E-05       113  1.35492042E-05       114  1.35333827E-05       115  1.35124393E-05
         116  1.35572632E-05       117  1.38503377E-05       118  1.47091923E-05       119  1.65559071E-05       120  2.12706194E-05
         121  2.32788296E-05       122  2.14431653E-05       123  1.75212989E-05       124  1.38859587E-05       125  1.39320828E-05
         126  1.39815960E-05       127  1.36966044E-05       128  1.34857754E-05       129  1.46435959E-05       130  1.46201008E-05
         131  1.44894273E-05       132  1.42695117E-05       133  1.42511411E-05       134  1.49525049E-05       135  1.68533174E-05
         136  1.92463661E-05       137  2.10515076E-05       138  1.93541555E-05       139  1.10747564E-05       140  1.40702288E-05
         141  1.70077042E-05       142  1.62343517E-05       143  1.52583573E-05       144  1.48689549E-05       145  1.58125165E-05
         146  1.58906254E-05       147  1.58193204E-05       148  1.50124674E-05       149  1.37943432E-05       150  1.39888274E-05
         151  1.61610271E-05       152  1.90176313E-05       153  2.09400076E-05       154  2.49250539E-05       155  3.19682787E-11
         156  3.25982850E-11       157  2.28375168E-05       158  1.77889281E-05       159  1.65396855E-05       160  1.59781831E-05
         161  1.69624841E-05       162  1.72215369E-05       163  1.78811255E-05       164  1.78515454E-05       165  1.35360991E-05
         166  9.97267527E-06       167  1.72302146E-05       168  2.01588528E-05       169  2.16489370E-05       170  2.27200891E-05
         171  2.39911589E-11       172  2.28636045E-11       173  1.98712796E-05       174  1.86802207E-05       175  1.72515738E-05
         176  1.66259588E-05       177  1.79128543E-05       178  1.83810462E-05       179  1.94287663E-05       180  2.42696065E-05
         181  3.32977927E-11       182  3.08600087E-11       183  2.38015320E-05       184  2.12212358E-05       185  2.19490247E-05
         186  2.26606717E-05       187  2.38402047E-11       188  2.24085325E-11       189  1.97584803E-05       190  1.86374839E-05
         191  1.73044747E-05       192  1.67056597E-05       193  1.84698887E-05       194  1.90474249E-05       195  2.03822329E-05
         196  2.14963710E-05       197  2.41854082E-11       198  2.39855050E-11       199  2.22946565E-05       200  2.17228155E-05
         201  2.12659189E-05       202  2.44115826E-05       203  3.13485512E-11       204  3.08716610E-11       205  2.21965751E-05
         206  1.77853142E-05       207  1.67297965E-05       208  1.62312034E-05       209  1.84816888E-05       210  1.91311316E-05
         211  2.03846412E-05       212  2.13838057E-05       213  2.34791810E-11       214  2.44020921E-11       215  2.23441988E-05
         216  2.12174729E-05       217  1.98599527E-05       218  1.75412248E-05       219  1.08338574E-05       220  1.21321239E-05
         221  1.65381120E-05       222  1.64610004E-05       223  1.56541777E-05       224  1.53226102E-05       225  1.77928616E-05
         226  1.87585685E-05       227  1.99042217E-05       228  2.33045733E-05       229  2.99948172E-11       230  3.21928977E-11
         231  2.48319121E-05       232  2.00853026E-05       233  1.78528547E-05       234  1.55864533E-05       235  1.41521746E-05
         236  1.39273070E-05       237  1.46454212E-05       238  1.45584499E-05       239  1.43411176E-05       240  1.41511680E-05
         241  1.65706488E-05       242  1.67848651E-05       243  2.16952701E-05       244  1.85452485E-05       245  8.39838264E-06
         246  1.07365403E-05       247  1.90303220E-05       248  2.15363403E-05       249  1.52286646E-05       250  1.38646435E-05
         251  1.73209831E-05       252  1.82618239E-05       253  1.33734738E-05       254  1.31214995E-05       255  1.29721975E-05
         256  1.28839313E-05       257  1.51823615E-05       258  1.48275288E-05       259  1.09696599E-05       260  8.35245487E-06
         261  1.04071428E-05       262  1.02657163E-05       263  7.02420983E-06       264  1.13034262E-05       265  1.28273828E-05
         266  1.18957827E-05       267  7.37213171E-06       268  1.01067265E-05       269  1.20103863E-05       270  1.18021423E-05
         271  1.17063463E-05       272  1.16202326E-05       273  1.43335290E-05       274  1.31475060E-05       275  1.14686054E-05
         276  1.03124125E-05       277  1.01022172E-05       278  9.75240714E-06       279  9.63099038E-06       280  1.00312961E-05
         281  1.06522164E-05       282  1.01715495E-05       283  9.54563538E-06       284  9.59306188E-06       285  1.03589508E-05
         286  1.07057879E-05       287  1.05488332E-05       288  1.03770389E-05       289  1.43760402E-05       290  1.34568220E-05
         291  1.21820389E-05       292  1.12074569E-05       293  1.05836110E-05       294  1.02422364E-05       295  1.01021046E-05
         296  1.01581543E-05       297  1.01871938E-05       298  1.00836322E-05       299  9.91145073E-06       300  9.90330183E-06
         301  9.99795111E-06       302  9.95037870E-06       303  9.53789942E-06       304  9.04798460E-06       305  1.59221276E-05
         306  1.39667988E-05       307  1.26644328E-05       308  1.16771768E-05       309  1.09818841E-05       310  1.05420639E-05
         311  1.03101974E-05       312  1.02086582E-05       313  1.01528954E-05       314  1.00799275E-05       315  1.00031889E-05
         316  9.95078642E-06       317  9.88812626E-06       318  9.66703989E-06       319  9.03815404E-06       320  7.31328155E-06



           S  T  E  A  D  Y  -  S  T  A  T  E     F  L  U  I  D     V  E  L  O  C  I  T  Y

           A N G L E   IN DEGREES FROM +X-AXIS TO FLOW DIRECTION AT CENTROID OF ELEMENT

     ELEMENT                   ELEMENT                   ELEMENT                   ELEMENT                   ELEMENT
           1 -1.34334571E+02         2 -1.38277533E+02         3 -9.75414278E+01         4 -9.37494734E+01         5 -9.32673943E+01
           6 -9.33128635E+01         7 -9.32631926E+01         8 -9.26671533E+01         9 -9.13109852E+01        10 -8.94930953E+01
          11 -8.78671432E+01        12 -8.67766606E+01        13 -8.57960415E+01        14 -8.19766460E+01        15 -4.13863577E+01
          16 -4.55880180E+01        17 -1.02720336E+02        18 -1.08446675E+02        19 -1.06191474E+02        20 -1.00081139E+02
          21 -9.94374997E+01        22 -1.00073552E+02        23 -1.00415820E+02        24 -9.89291333E+01        25 -9.45333120E+01
          26 -8.81628757E+01        27 -8.28208118E+01        28 -7.99355198E+01        29 -7.80662505E+01        30 -7.19605022E+01
          31 -7.03354100E+01        32 -7.69316029E+01        33 -9.43463111E+01        34 -1.00853401E+02        35 -1.02895459E+02
          36 -1.03546223E+02        37 -1.04625380E+02        38 -1.07124186E+02        39 -1.09471151E+02        40 -1.08866106E+02
          41 -1.00434864E+02        42 -8.52392566E+01        43 -7.42700023E+01        44 -7.14875493E+01        45 -7.18780595E+01
          46 -7.35972596E+01        47 -7.70283262E+01        48 -8.49463716E+01        49 -9.28922699E+01        50 -9.79465943E+01
          51 -1.01723358E+02        52 -1.04803443E+02        53 -1.08393941E+02        54 -1.13529753E+02        55 -1.21414656E+02
          56 -1.27033735E+02        57 -1.19939072E+02        58 -7.12761937E+01        59 -5.62404355E+01        60 -5.96633308E+01
          61 -6.71385972E+01        62 -7.29838703E+01        63 -7.90368991E+01        64 -8.61271840E+01        65 -9.24133966E+01
          66 -9.70368811E+01        67 -1.01277991E+02        68 -1.05471791E+02        69 -1.10408543E+02        70 -1.17398999E+02
          71 -1.28717544E+02        72 -1.57415304E+02        73  1.66460681E+02        74  2.65250033E+01        75 -2.14657815E+01
          76 -5.21391611E+01        77 -6.39234291E+01        78 -7.21256148E+01        79 -7.92792264E+01        80 -8.63972075E+01
          81 -9.22575710E+01        82 -9.67028350E+01        83 -1.01039087E+02        84 -1.05484361E+02        85 -1.10611574E+02
          86 -1.17463820E+02        87 -1.28251709E+02        88 -1.44256902E+02        89  1.51700755E+02        90  3.05558753E+01
          91 -3.62592980E+01        92 -5.23126131E+01        93 -6.35819989E+01        94 -7.18743016E+01        95 -7.93026819E+01
          96 -8.64602751E+01        97 -9.22083440E+01        98 -9.65717022E+01        99 -1.00809553E+02       100 -1.04967472E+02
         101 -1.09340006E+02       102 -1.14551424E+02       103 -1.21252760E+02       104 -1.31326869E+02       105 -1.25907980E+02
         106 -5.64921742E+01       107 -5.00904340E+01       108 -5.83731904E+01       109 -6.49437212E+01       110 -7.21231432E+01
         111 -7.95760041E+01       112 -8.66010668E+01       113 -9.22151073E+01       114 -9.65998207E+01       115 -1.00746348E+02
         116 -1.04390965E+02       117 -1.07401762E+02       118 -1.10110702E+02       119 -1.12853569E+02       120 -1.13606850E+02
         121 -1.00932675E+02       122 -9.04604111E+01       123 -6.94042280E+01       124 -6.33783512E+01       125 -6.43540032E+01
         126 -7.28187390E+01       127 -8.05349677E+01       128 -8.69462705E+01       129 -9.22221167E+01       130 -9.67596352E+01
         131 -1.01265550E+02       132 -1.04637203E+02       133 -1.06002665E+02       134 -1.05331763E+02       135 -1.04377747E+02
         136 -1.02103950E+02       137 -9.98752647E+01       138 -1.02679345E+02       139 -1.05890993E+02       140 -4.27563454E+01
         141 -6.31315216E+01       142 -7.62196967E+01       143 -8.23761195E+01       144 -8.75529350E+01       145 -9.21244482E+01
         146 -9.66266261E+01       147 -1.02225122E+02       148 -1.08204659E+02       149 -1.06927864E+02       150 -1.00690829E+02
         151 -9.45198129E+01       152 -9.48743248E+01       153 -9.61348531E+01       154 -9.83984154E+01       155 -9.88984099E+01
         156 -7.13185774E+01       157 -7.82006977E+01       158 -8.12503812E+01       159 -8.50157949E+01       160 -8.83903244E+01
         161 -9.18070470E+01       162 -9.57351062E+01       163 -1.00827562E+02       164 -1.13216556E+02       165 -1.33940519E+02
         166 -7.20605560E+01       167 -8.02499200E+01       168 -8.94113773E+01       169 -9.18797779E+01       170 -9.06280083E+01
         171 -9.03309760E+01       172 -8.11160280E+01       173 -8.90377309E+01       174 -8.67738265E+01       175 -8.80793168E+01
         176 -8.93610849E+01       177 -9.12349640E+01       178 -9.39284901E+01       179 -9.72695778E+01       180 -1.00740073E+02
         181 -1.09241290E+02       182 -8.32931331E+01       183 -8.31001962E+01       184 -8.72716022E+01       185 -8.81547621E+01
         186 -8.96507585E+01       187 -8.55396182E+01       188 -9.32181567E+01       189 -9.06208779E+01       190 -9.23181299E+01
         191 -9.11477946E+01       192 -9.03511407E+01       193 -9.04657239E+01       194 -9.14872165E+01       195 -9.27294332E+01
         196 -9.08092992E+01       197 -1.03276646E+02       198 -9.54170530E+01       199 -8.96810814E+01       200 -8.80749996E+01
         201 -8.66397232E+01       202 -8.22743423E+01       203 -7.83488728E+01       204 -1.05058709E+02       205 -1.00528560E+02
         206 -9.71846496E+01       207 -9.39518929E+01       208 -9.12509662E+01       209 -8.94706748E+01       210 -8.87944574E+01
         211 -8.80419642E+01       212 -8.95317476E+01       213 -9.48252323E+01       214 -1.01871748E+02       215 -9.06193561E+01
         216 -9.16825931E+01       217 -8.78205974E+01       218 -7.69083365E+01       219 -6.37835356E+01       220 -1.29782260E+02
         221 -1.12612251E+02       222 -1.01291545E+02       223 -9.61960451E+01       224 -9.19812966E+01       225 -8.84141102E+01
         226 -8.50196339E+01       227 -8.46758276E+01       228 -8.18896404E+01       229 -8.30529209E+01       230 -1.06245064E+02
         231 -9.98123163E+01       232 -9.65192961E+01       233 -9.34863980E+01       234 -8.70579794E+01       235 -9.34257367E+01
         236 -1.02731971E+02       237 -1.09497405E+02       238 -1.03869320E+02       239 -9.77149004E+01       240 -9.24988837E+01
         241 -8.76574712E+01       242 -8.17765192E+01       243 -7.30060186E+01       244 -9.04831838E+01       245 -6.86754337E+01
         246 -1.29847435E+02       247 -9.64247532E+01       248 -1.10921784E+02       249 -1.01348966E+02       250 -9.25757703E+01
         251 -8.19135120E+01       252 -1.13580779E+02       253 -1.10196299E+02       254 -1.04468237E+02       255 -9.85925489E+01
         256 -9.28296275E+01       257 -8.78154168E+01       258 -8.19891735E+01       259 -5.94525212E+01       260 -1.14187250E+02
         261 -9.97586510E+01       262 -1.00040427E+02       263 -8.70996991E+01       264 -1.34541539E+02       265 -1.06888686E+02
         266 -9.69496071E+01       267 -7.52835002E+01       268 -1.37050924E+02       269 -1.11671467E+02       270 -1.05087861E+02
         271 -9.91470284E+01       272 -9.30866655E+01       273 -8.91614597E+01       274 -8.67671684E+01       275 -8.99668776E+01
         276 -9.48660264E+01       277 -1.01761176E+02       278 -1.01740359E+02       279 -1.07593871E+02       280 -1.09470017E+02
         281 -1.09100224E+02       282 -1.03096600E+02       283 -1.06350722E+02       284 -1.09463616E+02       285 -1.11220569E+02
         286 -1.05523891E+02       287 -1.00002822E+02       288 -9.35339294E+01       289 -9.11249431E+01       290 -9.39197291E+01
         291 -9.61412695E+01       292 -9.92942448E+01       293 -1.02116278E+02       294 -1.04744320E+02       295 -1.06554200E+02
         296 -1.07847226E+02       297 -1.07483449E+02       298 -1.07120870E+02       299 -1.07275941E+02       300 -1.08366675E+02
         301 -1.08129453E+02       302 -1.06330296E+02       303 -1.02494539E+02       304 -9.46494180E+01       305 -9.66299958E+01
         306 -9.97351683E+01       307 -1.01530392E+02       308 -1.03248336E+02       309 -1.04884406E+02       310 -1.06191326E+02
         311 -1.07141202E+02       312 -1.07613745E+02       313 -1.07773057E+02       314 -1.07793373E+02       315 -1.07974607E+02
         316 -1.08168454E+02       317 -1.08188912E+02       318 -1.07887013E+02       319 -1.07414541E+02       320 -1.05589416E+02
1


           S O L U T E   B U D G E T      AFTER TIME STEP        1,   IN (SOLUTE MASS/SECOND)

                                                                                         SUM OF          SUM OF            NET
                                                                                       INCREASES(+)    DECREASES(-)       CHANGE
                                                                                      ==============  ==============  ==============
             RATE OF CHANGE IN SOLUTE DUE TO CONCENTRATION CHANGE                      2.9361680E+01  -3.1061872E-02   2.9330618E+01
             RATE OF CHANGE OF ADSORBATE                                               0.0000000E+00   0.0000000E+00   0.0000000E+00
             RATE OF CHANGE IN SOLUTE DUE TO CHANGE IN MASS OF FLUID                   0.0000000E+00   0.0000000E+00   0.0000000E+00
                                                                                      --------------  --------------  --------------
             TOTAL RATE OF CHANGE OF SOLUTE [ S+, S-, S ]                              2.9361680E+01  -3.1061872E-02   2.9330618E+01

                                                                                         SUM OF          SUM OF            NET
                                                                                       PRODUCTION(+)     DECAY(-)       PROD./DECAY
                                                                                      ==============  ==============  ==============
             FIRST-ORDER PRODUCTION/DECAY OF SOLUTE                                    0.0000000E+00   0.0000000E+00   0.0000000E+00
             FIRST-ORDER PRODUCTION/DECAY OF ADSORBATE                                 0.0000000E+00   0.0000000E+00   0.0000000E+00
             ZERO-ORDER PRODUCTION/DECAY OF SOLUTE                                     0.0000000E+00   0.0000000E+00   0.0000000E+00
             ZERO-ORDER PRODUCTION/DECAY OF ADSORBATE                                  0.0000000E+00   0.0000000E+00   0.0000000E+00
                                                                                      --------------  --------------  --------------
             TOTAL RATE OF PRODUCTION/DECAY OF SOLUTE AND ADSORBATE [ P+, P-, P ]      0.0000000E+00   0.0000000E+00   0.0000000E+00

                                                                                         SUM OF          SUM OF            NET
                                                                                         GAINS(+)       LOSSES(-)       GAIN/LOSS
                                                                                      ==============  ==============  ==============
             GAIN/LOSS OF SOLUTE THROUGH FLUID SOURCES AND SINKS                       1.0000000E+03  -3.7522514E+02   6.2477486E+02
             GAIN/LOSS OF SOLUTE THROUGH INFLOWS/OUTFLOWS AT SPECIFIED P NODES         0.0000000E+00  -5.9544425E+02  -5.9544425E+02
             GAIN/LOSS OF SOLUTE THROUGH SOLUTE SOURCES AND SINKS                      0.0000000E+00   0.0000000E+00   0.0000000E+00
             GAIN/LOSS OF SOLUTE AT SPECIFIED CONCENTRATION NODES                      0.0000000E+00   0.0000000E+00   0.0000000E+00
                                                                                      --------------  --------------  --------------
             TOTAL RATE OF GAIN/LOSS OF SOLUTE                                         1.0000000E+03  -9.7066938E+02   2.9330618E+01
                 THROUGH FLOWS & SOURCES/SINKS [ F+, F-, F ]


             SOLUTE MASS BAL. ACTIVITY [ A = ((S+) - (S-) + (P+) - (P-) + (F+) - (F-))/2 ]    1.0000311E+03
             ABSOLUTE SOLUTE MASS BALANCE ERROR [ S - P - F ]                                -2.0589546E-07
             RELATIVE SOLUTE MASS BALANCE ERROR [ 100*(S - P - F)/A ]                        -2.0588907E-08 (PERCENT)

             ******** NOTE: ON THE FIRST ITERATION OF THE FIRST TIME STEP, A LARGE RELATIVE ERROR IN THE  ********
             ******** SOLUTE MASS OR ENERGY BUDGET DOES NOT NECESSARILY INDICATE AN INACCURATE TRANSPORT  ********
             ******** SOLUTION. THE BUDGET CALCULATION WILL NOT YIELD A MEANINGFUL RESULT UNLESS THE      ********
             ******** INITIAL CONDITIONS REPRESENT MUTUALLY CONSISTENT SOLUTIONS FOR FLOW AND TRANSPORT   ********
             ******** FROM A PREVIOUS SUTRA SIMULATION THAT ARE ALSO CONSISTENT WITH THE PRESENT SOURCES  ********
             ******** AND BOUNDARY CONDITIONS.                                                            ********



                      SOLUTE SOURCES OR SINKS AT FLUID SOURCES AND SINKS

                       NODE        SOURCE(+)/SINK(-)
                                (SOLUTE MASS/SECOND)

                        112            1.0000000E+03
                        276           -3.7489256E+01
                        280           -1.8663661E+02
                        284           -1.5109927E+02



                      SOLUTE SOURCES OR SINKS DUE TO FLUID INFLOWS OR OUTFLOWS AT POINTS OF SPECIFIED PRESSURE

                       NODE        SOURCE(+)/SINK(-)
                                (SOLUTE MASS/SECOND)

                          3            0.0000000E+00
                          4            0.0000000E+00
                          5            0.0000000E+00
                          6            0.0000000E+00
                          7            0.0000000E+00
                          8            0.0000000E+00
                          9            0.0000000E+00
                         10            0.0000000E+00
                         11            0.0000000E+00
                         12            0.0000000E+00
                         13            0.0000000E+00
                         14            0.0000000E+00
                         15            0.0000000E+00
                        341           -8.1797525E-01
                        342           -3.1569362E+00
                        343           -1.0512593E+01
                        344           -2.7914397E+01
                        345           -5.0817647E+01
                        346           -6.7376306E+01
                        347           -7.3870507E+01
                        348           -7.5157238E+01
                        349           -7.4154421E+01
                        350           -6.7856278E+01
                        351           -5.2714350E+01
                        352           -3.5622492E+01
                        353           -2.4450487E+01
                        354           -1.5782016E+01
                        355           -9.0260780E+00
                        356           -5.0397888E+00
                        357           -1.1747360E+00






           *** LAST SOLUTION HAS BEEN STORED IN THE RESTART DATA FILE ***








           SUTRA SIMULATION TERMINATED AT COMPLETION OF TIME STEPS
           ***** ********** ********** ** ********** ** **** *****
